<?xml version="1.0" encoding="UTF-8"?>
<TestRun id="b148fc8a-23e3-4c99-93c3-ddc942786008" name="MattMif@ALFREDLAPTOP 2015-01-14 14:01:00" runUser="AlfredLaptop\MattMif" xmlns="http://microsoft.com/schemas/VisualStudio/TeamTest/2010">
  <TestSettings name="Default Test Settings" id="6f8121d7-6f34-4c1d-b7c2-71dbef8380e1">
    <Deployment runDeploymentRoot="MattMif_ALFREDLAPTOP 2015-01-14 14_01_00">
      <DeploymentItem filename="C:\Users\MattMif\Desktop\SE_Assignment\TraderPlaceApp\Business Logic\bin\Debug\Business Logic.dll" />
      <DeploymentItem filename="C:\Users\MattMif\Desktop\SE_Assignment\TraderPlaceApp\TraderPlaceApp\bin\TraderPlaceApp.dll" />
      <DeploymentItem filename="C:\Users\MattMif\Desktop\SE_Assignment\TraderPlaceApp\Data Access\bin\Debug\Data Access.dll" />
      <DeploymentItem filename="C:\Users\MattMif\Desktop\SE_Assignment\TraderPlaceApp\Common\bin\Debug\Common.dll" />
    </Deployment>
    <Execution>
      <TestTypeSpecific />
      <AgentRule name="Execution Agents">
      </AgentRule>
    </Execution>
  </TestSettings>
  <Times creation="2015-01-14T14:01:00.1756378+01:00" queuing="2015-01-14T14:01:02.0002236+01:00" start="2015-01-14T14:01:02.1692787+01:00" finish="2015-01-14T14:01:12.1377038+01:00" />
  <ResultSummary outcome="Failed">
    <Counters total="1" executed="1" error="0" failed="1" timeout="0" aborted="0" inconclusive="0" passedButRunAborted="0" notRunnable="0" notExecuted="0" disconnected="0" warning="0" passed="0" completed="0" inProgress="0" pending="0" />
  </ResultSummary>
  <TestDefinitions>
    <UnitTest name="AddRoleTestWithFaultsChar" storage="c:\users\mattmif\desktop\se_assignment\traderplaceapp\traderplaceapp.tests\bin\debug\traderplaceapp.tests.dll" id="0f0e3a90-99f9-07f7-edb0-28a9c57e42e1">
      <Execution id="45cfe4c1-92ff-4da6-ba0f-4369e4ecf675" />
      <TestMethod codeBase="C:/Users/MattMif/Desktop/SE_Assignment/TraderPlaceApp/TraderPlaceApp.Tests/bin/Debug/TraderPlaceApp.Tests.DLL" adapterTypeName="Microsoft.VisualStudio.TestTools.TestTypes.Unit.UnitTestAdapter, Microsoft.VisualStudio.QualityTools.Tips.UnitTest.Adapter, Version=10.0.0.0, Culture=neutral, PublicKeyToken=b03f5f7f11d50a3a" className="TraderPlaceApp.Tests.Controllers.RoleControllerTest, TraderPlaceApp.Tests, Version=1.0.0.0, Culture=neutral, PublicKeyToken=null" name="AddRoleTestWithFaultsChar" />
    </UnitTest>
  </TestDefinitions>
  <TestLists>
    <TestList name="Results Not in a List" id="8c84fa94-04c1-424b-9868-57a2d4851a1d" />
    <TestList name="All Loaded Results" id="19431567-8539-422a-85d7-44ee4e166bda" />
  </TestLists>
  <TestEntries>
    <TestEntry testId="0f0e3a90-99f9-07f7-edb0-28a9c57e42e1" executionId="45cfe4c1-92ff-4da6-ba0f-4369e4ecf675" testListId="8c84fa94-04c1-424b-9868-57a2d4851a1d" />
  </TestEntries>
  <Results>
    <UnitTestResult executionId="45cfe4c1-92ff-4da6-ba0f-4369e4ecf675" testId="0f0e3a90-99f9-07f7-edb0-28a9c57e42e1" testName="AddRoleTestWithFaultsChar" computerName="ALFREDLAPTOP" duration="00:00:06.6108843" startTime="2015-01-14T14:01:02.2292984+01:00" endTime="2015-01-14T14:01:10.4110174+01:00" testType="13cdc9d9-ddb5-4fa4-a97d-d965ccfc6d4b" outcome="Failed" testListId="8c84fa94-04c1-424b-9868-57a2d4851a1d" relativeResultsDirectory="45cfe4c1-92ff-4da6-ba0f-4369e4ecf675">
      <Output>
        <ErrorInfo>
          <Message>Test method TraderPlaceApp.Tests.Controllers.RoleControllerTest.AddRoleTestWithFaultsChar threw exception: 
System.Exception: The name has some invalid characters</Message>
          <StackTrace>    at Data_Access.RoleRepository.CreateRoleWithfaultChar(Role entry) in C:\Users\MattMif\Desktop\SE_Assignment\TraderPlaceApp\Data Access\RoleRepository.cs:line 349
   at TraderPlaceApp.Tests.Controllers.RoleControllerTest.AddRoleTestWithFaultsChar() in C:\Users\MattMif\Desktop\SE_Assignment\TraderPlaceApp\TraderPlaceApp.Tests\Controllers\RoleControllerTest.cs:line 97
</StackTrace>
        </ErrorInfo>
      </Output>
    </UnitTestResult>
  </Results>
</TestRun>