<?xml version="1.0" encoding="UTF-8"?>
<TestRun id="8b56c87d-7750-4e7f-a2a9-f8462665858e" name="MattMif@ALFREDLAPTOP 2015-01-13 10:54:05" runUser="AlfredLaptop\MattMif" xmlns="http://microsoft.com/schemas/VisualStudio/TeamTest/2010">
  <TestSettings name="Default Test Settings" id="1047c461-7830-4519-b13f-b35ff2fda4dd">
    <Deployment runDeploymentRoot="MattMif_ALFREDLAPTOP 2015-01-13 10_54_05">
      <DeploymentItem filename="C:\Users\MattMif\Desktop\SE_Assignment\TraderPlaceApp\Business Logic\bin\Debug\Business Logic.dll" />
      <DeploymentItem filename="C:\Users\MattMif\Desktop\SE_Assignment\TraderPlaceApp\TraderPlaceApp\bin\TraderPlaceApp.dll" />
      <DeploymentItem filename="C:\Users\MattMif\Desktop\SE_Assignment\TraderPlaceApp\Data Access\bin\Debug\Data Access.dll" />
      <DeploymentItem filename="C:\Users\MattMif\Desktop\SE_Assignment\TraderPlaceApp\Common\bin\Debug\Common.dll" />
    </Deployment>
    <Execution>
      <TestTypeSpecific />
      <AgentRule name="Execution Agents">
      </AgentRule>
    </Execution>
  </TestSettings>
  <Times creation="2015-01-13T10:54:05.4380876+01:00" queuing="2015-01-13T10:54:07.5077510+01:00" start="2015-01-13T10:54:07.6978128+01:00" finish="2015-01-13T10:54:15.2402943+01:00" />
  <ResultSummary outcome="Completed">
    <Counters total="1" executed="1" passed="1" error="0" failed="0" timeout="0" aborted="0" inconclusive="0" passedButRunAborted="0" notRunnable="0" notExecuted="0" disconnected="0" warning="0" completed="0" inProgress="0" pending="0" />
  </ResultSummary>
  <TestDefinitions>
    <UnitTest name="UpdateRoleWithLongChar" storage="c:\users\mattmif\desktop\se_assignment\traderplaceapp\traderplaceapp.tests\bin\debug\traderplaceapp.tests.dll" id="51260270-99c2-a592-6289-efc648b7c1ce">
      <Execution id="d54a84de-7e00-47c0-8208-6874eda0ad85" />
      <TestMethod codeBase="C:/Users/MattMif/Desktop/SE_Assignment/TraderPlaceApp/TraderPlaceApp.Tests/bin/Debug/TraderPlaceApp.Tests.DLL" adapterTypeName="Microsoft.VisualStudio.TestTools.TestTypes.Unit.UnitTestAdapter, Microsoft.VisualStudio.QualityTools.Tips.UnitTest.Adapter, Version=10.0.0.0, Culture=neutral, PublicKeyToken=b03f5f7f11d50a3a" className="TraderPlaceApp.Tests.Controllers.RoleControllerTest, TraderPlaceApp.Tests, Version=1.0.0.0, Culture=neutral, PublicKeyToken=null" name="UpdateRoleWithLongChar" />
    </UnitTest>
  </TestDefinitions>
  <TestLists>
    <TestList name="Results Not in a List" id="8c84fa94-04c1-424b-9868-57a2d4851a1d" />
    <TestList name="All Loaded Results" id="19431567-8539-422a-85d7-44ee4e166bda" />
  </TestLists>
  <TestEntries>
    <TestEntry testId="51260270-99c2-a592-6289-efc648b7c1ce" executionId="d54a84de-7e00-47c0-8208-6874eda0ad85" testListId="8c84fa94-04c1-424b-9868-57a2d4851a1d" />
  </TestEntries>
  <Results>
    <UnitTestResult executionId="d54a84de-7e00-47c0-8208-6874eda0ad85" testId="51260270-99c2-a592-6289-efc648b7c1ce" testName="UpdateRoleWithLongChar" computerName="ALFREDLAPTOP" duration="00:00:05.6242077" startTime="2015-01-13T10:54:07.7668345+01:00" endTime="2015-01-13T10:54:14.9662069+01:00" testType="13cdc9d9-ddb5-4fa4-a97d-d965ccfc6d4b" outcome="Passed" testListId="8c84fa94-04c1-424b-9868-57a2d4851a1d" relativeResultsDirectory="d54a84de-7e00-47c0-8208-6874eda0ad85">
    </UnitTestResult>
  </Results>
</TestRun>