<?xml version="1.0" encoding="UTF-8"?>
<TestRun id="23be9a8e-a4fb-48f8-9fc4-7ffdcef0b195" name="MattMif@ALFREDLAPTOP 2015-01-13 11:03:48" runUser="AlfredLaptop\MattMif" xmlns="http://microsoft.com/schemas/VisualStudio/TeamTest/2010">
  <TestSettings name="Default Test Settings" id="0bf7e37f-46dd-450d-a382-216c4554f75b">
    <Deployment runDeploymentRoot="MattMif_ALFREDLAPTOP 2015-01-13 11_03_48">
      <DeploymentItem filename="C:\Users\MattMif\Desktop\SE_Assignment\TraderPlaceApp\Business Logic\bin\Debug\Business Logic.dll" />
      <DeploymentItem filename="C:\Users\MattMif\Desktop\SE_Assignment\TraderPlaceApp\TraderPlaceApp\bin\TraderPlaceApp.dll" />
      <DeploymentItem filename="C:\Users\MattMif\Desktop\SE_Assignment\TraderPlaceApp\Data Access\bin\Debug\Data Access.dll" />
      <DeploymentItem filename="C:\Users\MattMif\Desktop\SE_Assignment\TraderPlaceApp\Common\bin\Debug\Common.dll" />
    </Deployment>
    <Execution>
      <TestTypeSpecific />
      <AgentRule name="Execution Agents">
      </AgentRule>
    </Execution>
  </TestSettings>
  <Times creation="2015-01-13T11:03:48.1211885+01:00" queuing="2015-01-13T11:03:50.2538668+01:00" start="2015-01-13T11:03:50.5079521+01:00" finish="2015-01-13T11:04:12.0385180+01:00" />
  <ResultSummary outcome="Completed">
    <Counters total="1" executed="1" passed="1" error="0" failed="0" timeout="0" aborted="0" inconclusive="0" passedButRunAborted="0" notRunnable="0" notExecuted="0" disconnected="0" warning="0" completed="0" inProgress="0" pending="0" />
  </ResultSummary>
  <TestDefinitions>
    <UnitTest name="GetRoleByNameEmptyStringTest" storage="c:\users\mattmif\desktop\se_assignment\traderplaceapp\traderplaceapp.tests\bin\debug\traderplaceapp.tests.dll" id="e74b7b6e-789d-5be6-d6c1-37548d53e5e2">
      <Execution id="126f2f79-35b4-431f-b8c8-bb43416dff9b" />
      <TestMethod codeBase="C:/Users/MattMif/Desktop/SE_Assignment/TraderPlaceApp/TraderPlaceApp.Tests/bin/Debug/TraderPlaceApp.Tests.DLL" adapterTypeName="Microsoft.VisualStudio.TestTools.TestTypes.Unit.UnitTestAdapter, Microsoft.VisualStudio.QualityTools.Tips.UnitTest.Adapter, Version=10.0.0.0, Culture=neutral, PublicKeyToken=b03f5f7f11d50a3a" className="TraderPlaceApp.Tests.Controllers.RoleControllerTest, TraderPlaceApp.Tests, Version=1.0.0.0, Culture=neutral, PublicKeyToken=null" name="GetRoleByNameEmptyStringTest" />
    </UnitTest>
  </TestDefinitions>
  <TestLists>
    <TestList name="Results Not in a List" id="8c84fa94-04c1-424b-9868-57a2d4851a1d" />
    <TestList name="All Loaded Results" id="19431567-8539-422a-85d7-44ee4e166bda" />
  </TestLists>
  <TestEntries>
    <TestEntry testId="e74b7b6e-789d-5be6-d6c1-37548d53e5e2" executionId="126f2f79-35b4-431f-b8c8-bb43416dff9b" testListId="8c84fa94-04c1-424b-9868-57a2d4851a1d" />
  </TestEntries>
  <Results>
    <UnitTestResult executionId="126f2f79-35b4-431f-b8c8-bb43416dff9b" testId="e74b7b6e-789d-5be6-d6c1-37548d53e5e2" testName="GetRoleByNameEmptyStringTest" computerName="ALFREDLAPTOP" duration="00:00:18.4346090" startTime="2015-01-13T11:03:50.5729700+01:00" endTime="2015-01-13T11:04:10.3419641+01:00" testType="13cdc9d9-ddb5-4fa4-a97d-d965ccfc6d4b" outcome="Passed" testListId="8c84fa94-04c1-424b-9868-57a2d4851a1d" relativeResultsDirectory="126f2f79-35b4-431f-b8c8-bb43416dff9b">
    </UnitTestResult>
  </Results>
</TestRun>