<?xml version="1.0" encoding="UTF-8"?>
<TestRun id="210787fd-fddd-4e31-8b52-92ff65cc14dc" name="MattMif@ALFREDLAPTOP 2015-01-13 10:54:23" runUser="AlfredLaptop\MattMif" xmlns="http://microsoft.com/schemas/VisualStudio/TeamTest/2010">
  <TestSettings name="Default Test Settings" id="8ebbc5d0-e3e8-4693-bf7b-6e51e4597e44">
    <Deployment runDeploymentRoot="MattMif_ALFREDLAPTOP 2015-01-13 10_54_23">
      <DeploymentItem filename="C:\Users\MattMif\Desktop\SE_Assignment\TraderPlaceApp\Business Logic\bin\Debug\Business Logic.dll" />
      <DeploymentItem filename="C:\Users\MattMif\Desktop\SE_Assignment\TraderPlaceApp\TraderPlaceApp\bin\TraderPlaceApp.dll" />
      <DeploymentItem filename="C:\Users\MattMif\Desktop\SE_Assignment\TraderPlaceApp\Data Access\bin\Debug\Data Access.dll" />
      <DeploymentItem filename="C:\Users\MattMif\Desktop\SE_Assignment\TraderPlaceApp\Common\bin\Debug\Common.dll" />
    </Deployment>
    <Execution>
      <TestTypeSpecific />
      <AgentRule name="Execution Agents">
      </AgentRule>
    </Execution>
  </TestSettings>
  <Times creation="2015-01-13T10:54:23.9551645+01:00" queuing="2015-01-13T10:54:26.0558379+01:00" start="2015-01-13T10:54:26.2378962+01:00" finish="2015-01-13T10:54:44.6923356+01:00" />
  <ResultSummary outcome="Completed">
    <Counters total="1" executed="1" passed="1" error="0" failed="0" timeout="0" aborted="0" inconclusive="0" passedButRunAborted="0" notRunnable="0" notExecuted="0" disconnected="0" warning="0" completed="0" inProgress="0" pending="0" />
  </ResultSummary>
  <TestDefinitions>
    <UnitTest name="UpdateRoleWithNonAsciiChar" storage="c:\users\mattmif\desktop\se_assignment\traderplaceapp\traderplaceapp.tests\bin\debug\traderplaceapp.tests.dll" id="c055d1e6-3f71-cb60-a031-1f1af95fa19e">
      <Execution id="828f004b-d349-45bd-8f8a-082b9eb1e3c5" />
      <TestMethod codeBase="C:/Users/MattMif/Desktop/SE_Assignment/TraderPlaceApp/TraderPlaceApp.Tests/bin/Debug/TraderPlaceApp.Tests.DLL" adapterTypeName="Microsoft.VisualStudio.TestTools.TestTypes.Unit.UnitTestAdapter, Microsoft.VisualStudio.QualityTools.Tips.UnitTest.Adapter, Version=10.0.0.0, Culture=neutral, PublicKeyToken=b03f5f7f11d50a3a" className="TraderPlaceApp.Tests.Controllers.RoleControllerTest, TraderPlaceApp.Tests, Version=1.0.0.0, Culture=neutral, PublicKeyToken=null" name="UpdateRoleWithNonAsciiChar" />
    </UnitTest>
  </TestDefinitions>
  <TestLists>
    <TestList name="Results Not in a List" id="8c84fa94-04c1-424b-9868-57a2d4851a1d" />
    <TestList name="All Loaded Results" id="19431567-8539-422a-85d7-44ee4e166bda" />
  </TestLists>
  <TestEntries>
    <TestEntry testId="c055d1e6-3f71-cb60-a031-1f1af95fa19e" executionId="828f004b-d349-45bd-8f8a-082b9eb1e3c5" testListId="8c84fa94-04c1-424b-9868-57a2d4851a1d" />
  </TestEntries>
  <Results>
    <UnitTestResult executionId="828f004b-d349-45bd-8f8a-082b9eb1e3c5" testId="c055d1e6-3f71-cb60-a031-1f1af95fa19e" testName="UpdateRoleWithNonAsciiChar" computerName="ALFREDLAPTOP" duration="00:00:15.0737069" startTime="2015-01-13T10:54:26.3079187+01:00" endTime="2015-01-13T10:54:42.8787533+01:00" testType="13cdc9d9-ddb5-4fa4-a97d-d965ccfc6d4b" outcome="Passed" testListId="8c84fa94-04c1-424b-9868-57a2d4851a1d" relativeResultsDirectory="828f004b-d349-45bd-8f8a-082b9eb1e3c5">
    </UnitTestResult>
  </Results>
</TestRun>