<?xml version="1.0" encoding="UTF-8"?>
<TestRun id="e37c6178-3649-4e1e-abeb-637cb65b2fa3" name="MattMif@ALFREDLAPTOP 2015-01-13 10:43:23" runUser="AlfredLaptop\MattMif" xmlns="http://microsoft.com/schemas/VisualStudio/TeamTest/2010">
  <TestSettings name="Default Test Settings" id="02bc819a-4774-46ed-9992-5362e2c583bf">
    <Deployment runDeploymentRoot="MattMif_ALFREDLAPTOP 2015-01-13 10_43_23">
      <DeploymentItem filename="C:\Users\MattMif\Desktop\SE_Assignment\TraderPlaceApp\Business Logic\bin\Debug\Business Logic.dll" />
      <DeploymentItem filename="C:\Users\MattMif\Desktop\SE_Assignment\TraderPlaceApp\TraderPlaceApp\bin\TraderPlaceApp.dll" />
      <DeploymentItem filename="C:\Users\MattMif\Desktop\SE_Assignment\TraderPlaceApp\Data Access\bin\Debug\Data Access.dll" />
      <DeploymentItem filename="C:\Users\MattMif\Desktop\SE_Assignment\TraderPlaceApp\Common\bin\Debug\Common.dll" />
    </Deployment>
    <Execution>
      <TestTypeSpecific />
      <AgentRule name="Execution Agents">
      </AgentRule>
    </Execution>
  </TestSettings>
  <Times creation="2015-01-13T10:43:23.9592345+01:00" queuing="2015-01-13T10:43:26.0248975+01:00" start="2015-01-13T10:43:26.2709759+01:00" finish="2015-01-13T10:43:37.2982961+01:00" />
  <ResultSummary outcome="Completed">
    <Counters total="1" executed="1" passed="1" error="0" failed="0" timeout="0" aborted="0" inconclusive="0" passedButRunAborted="0" notRunnable="0" notExecuted="0" disconnected="0" warning="0" completed="0" inProgress="0" pending="0" />
  </ResultSummary>
  <TestDefinitions>
    <UnitTest name="AddRoleTestWithNull" storage="c:\users\mattmif\desktop\se_assignment\traderplaceapp\traderplaceapp.tests\bin\debug\traderplaceapp.tests.dll" id="c8581f93-0a87-3119-5ba0-98106f3298db">
      <Execution id="d891489c-ef23-46d4-a5a8-5d5c66ef6c9a" />
      <TestMethod codeBase="C:/Users/MattMif/Desktop/SE_Assignment/TraderPlaceApp/TraderPlaceApp.Tests/bin/Debug/TraderPlaceApp.Tests.DLL" adapterTypeName="Microsoft.VisualStudio.TestTools.TestTypes.Unit.UnitTestAdapter, Microsoft.VisualStudio.QualityTools.Tips.UnitTest.Adapter, Version=10.0.0.0, Culture=neutral, PublicKeyToken=b03f5f7f11d50a3a" className="TraderPlaceApp.Tests.Controllers.RoleControllerTest, TraderPlaceApp.Tests, Version=1.0.0.0, Culture=neutral, PublicKeyToken=null" name="AddRoleTestWithNull" />
    </UnitTest>
  </TestDefinitions>
  <TestLists>
    <TestList name="Results Not in a List" id="8c84fa94-04c1-424b-9868-57a2d4851a1d" />
    <TestList name="All Loaded Results" id="19431567-8539-422a-85d7-44ee4e166bda" />
  </TestLists>
  <TestEntries>
    <TestEntry testId="c8581f93-0a87-3119-5ba0-98106f3298db" executionId="d891489c-ef23-46d4-a5a8-5d5c66ef6c9a" testListId="8c84fa94-04c1-424b-9868-57a2d4851a1d" />
  </TestEntries>
  <Results>
    <UnitTestResult executionId="d891489c-ef23-46d4-a5a8-5d5c66ef6c9a" testId="c8581f93-0a87-3119-5ba0-98106f3298db" testName="AddRoleTestWithNull" computerName="ALFREDLAPTOP" duration="00:00:07.5600422" startTime="2015-01-13T10:43:26.3339957+01:00" endTime="2015-01-13T10:43:35.5167183+01:00" testType="13cdc9d9-ddb5-4fa4-a97d-d965ccfc6d4b" outcome="Passed" testListId="8c84fa94-04c1-424b-9868-57a2d4851a1d" relativeResultsDirectory="d891489c-ef23-46d4-a5a8-5d5c66ef6c9a">
    </UnitTestResult>
  </Results>
</TestRun>