<?xml version="1.0" encoding="UTF-8"?>
<TestRun id="4aa1484f-68fd-4d60-8b1b-0b6bdbebbaa0" name="MattMif@ALFREDLAPTOP 2015-01-13 10:56:17" runUser="AlfredLaptop\MattMif" xmlns="http://microsoft.com/schemas/VisualStudio/TeamTest/2010">
  <TestSettings name="Default Test Settings" id="31370dcb-13cf-49e8-a18d-a1c7f4fd1dd1">
    <Deployment runDeploymentRoot="MattMif_ALFREDLAPTOP 2015-01-13 10_56_17">
      <DeploymentItem filename="C:\Users\MattMif\Desktop\SE_Assignment\TraderPlaceApp\Business Logic\bin\Debug\Business Logic.dll" />
      <DeploymentItem filename="C:\Users\MattMif\Desktop\SE_Assignment\TraderPlaceApp\TraderPlaceApp\bin\TraderPlaceApp.dll" />
      <DeploymentItem filename="C:\Users\MattMif\Desktop\SE_Assignment\TraderPlaceApp\Data Access\bin\Debug\Data Access.dll" />
      <DeploymentItem filename="C:\Users\MattMif\Desktop\SE_Assignment\TraderPlaceApp\Common\bin\Debug\Common.dll" />
    </Deployment>
    <Execution>
      <TestTypeSpecific />
      <AgentRule name="Execution Agents">
      </AgentRule>
    </Execution>
  </TestSettings>
  <Times creation="2015-01-13T10:56:17.9729428+01:00" queuing="2015-01-13T10:56:20.1291474+01:00" start="2015-01-13T10:56:20.3622221+01:00" finish="2015-01-13T10:56:28.3734545+01:00" />
  <ResultSummary outcome="Completed">
    <Counters total="1" executed="1" passed="1" error="0" failed="0" timeout="0" aborted="0" inconclusive="0" passedButRunAborted="0" notRunnable="0" notExecuted="0" disconnected="0" warning="0" completed="0" inProgress="0" pending="0" />
  </ResultSummary>
  <TestDefinitions>
    <UnitTest name="UpdateRoleWithEmptyString" storage="c:\users\mattmif\desktop\se_assignment\traderplaceapp\traderplaceapp.tests\bin\debug\traderplaceapp.tests.dll" id="9e664647-4cab-93ef-27fa-d96bdc610731">
      <Execution id="b85249f3-2993-47d2-b2c7-e70d19703b20" />
      <TestMethod codeBase="C:/Users/MattMif/Desktop/SE_Assignment/TraderPlaceApp/TraderPlaceApp.Tests/bin/Debug/TraderPlaceApp.Tests.DLL" adapterTypeName="Microsoft.VisualStudio.TestTools.TestTypes.Unit.UnitTestAdapter, Microsoft.VisualStudio.QualityTools.Tips.UnitTest.Adapter, Version=10.0.0.0, Culture=neutral, PublicKeyToken=b03f5f7f11d50a3a" className="TraderPlaceApp.Tests.Controllers.RoleControllerTest, TraderPlaceApp.Tests, Version=1.0.0.0, Culture=neutral, PublicKeyToken=null" name="UpdateRoleWithEmptyString" />
    </UnitTest>
  </TestDefinitions>
  <TestLists>
    <TestList name="Results Not in a List" id="8c84fa94-04c1-424b-9868-57a2d4851a1d" />
    <TestList name="All Loaded Results" id="19431567-8539-422a-85d7-44ee4e166bda" />
  </TestLists>
  <TestEntries>
    <TestEntry testId="9e664647-4cab-93ef-27fa-d96bdc610731" executionId="b85249f3-2993-47d2-b2c7-e70d19703b20" testListId="8c84fa94-04c1-424b-9868-57a2d4851a1d" />
  </TestEntries>
  <Results>
    <UnitTestResult executionId="b85249f3-2993-47d2-b2c7-e70d19703b20" testId="9e664647-4cab-93ef-27fa-d96bdc610731" testName="UpdateRoleWithEmptyString" computerName="ALFREDLAPTOP" duration="00:00:04.7157663" startTime="2015-01-13T10:56:20.4462490+01:00" endTime="2015-01-13T10:56:26.6592597+01:00" testType="13cdc9d9-ddb5-4fa4-a97d-d965ccfc6d4b" outcome="Passed" testListId="8c84fa94-04c1-424b-9868-57a2d4851a1d" relativeResultsDirectory="b85249f3-2993-47d2-b2c7-e70d19703b20">
    </UnitTestResult>
  </Results>
</TestRun>