<?xml version="1.0" encoding="UTF-8"?>
<TestRun id="c5d0c78d-141a-499f-aee0-b4fc4745407c" name="MattMif@ALFREDLAPTOP 2015-01-13 11:11:27" runUser="AlfredLaptop\MattMif" xmlns="http://microsoft.com/schemas/VisualStudio/TeamTest/2010">
  <TestSettings name="Default Test Settings" id="765416c0-93c0-4b1e-ae78-1098130bc1d4">
    <Deployment runDeploymentRoot="MattMif_ALFREDLAPTOP 2015-01-13 11_11_27">
      <DeploymentItem filename="C:\Users\MattMif\Desktop\SE_Assignment\TraderPlaceApp\Business Logic\bin\Debug\Business Logic.dll" />
      <DeploymentItem filename="C:\Users\MattMif\Desktop\SE_Assignment\TraderPlaceApp\TraderPlaceApp\bin\TraderPlaceApp.dll" />
      <DeploymentItem filename="C:\Users\MattMif\Desktop\SE_Assignment\TraderPlaceApp\Data Access\bin\Debug\Data Access.dll" />
      <DeploymentItem filename="C:\Users\MattMif\Desktop\SE_Assignment\TraderPlaceApp\Common\bin\Debug\Common.dll" />
    </Deployment>
    <Execution>
      <TestTypeSpecific />
      <AgentRule name="Execution Agents">
      </AgentRule>
    </Execution>
  </TestSettings>
  <Times creation="2015-01-13T11:11:27.8840750+01:00" queuing="2015-01-13T11:11:30.1498022+01:00" start="2015-01-13T11:11:30.3388599+01:00" finish="2015-01-13T11:11:37.6582694+01:00" />
  <ResultSummary outcome="Completed">
    <Counters total="1" executed="1" passed="1" error="0" failed="0" timeout="0" aborted="0" inconclusive="0" passedButRunAborted="0" notRunnable="0" notExecuted="0" disconnected="0" warning="0" completed="0" inProgress="0" pending="0" />
  </ResultSummary>
  <TestDefinitions>
    <UnitTest name="UpdateRoleWithShortChar" storage="c:\users\mattmif\desktop\se_assignment\traderplaceapp\traderplaceapp.tests\bin\debug\traderplaceapp.tests.dll" id="f1df9c13-4c0a-702e-6bea-c04ad84dcfec">
      <Execution id="acdb5264-ff46-425e-bfff-76751e34312e" />
      <TestMethod codeBase="C:/Users/MattMif/Desktop/SE_Assignment/TraderPlaceApp/TraderPlaceApp.Tests/bin/Debug/TraderPlaceApp.Tests.DLL" adapterTypeName="Microsoft.VisualStudio.TestTools.TestTypes.Unit.UnitTestAdapter, Microsoft.VisualStudio.QualityTools.Tips.UnitTest.Adapter, Version=10.0.0.0, Culture=neutral, PublicKeyToken=b03f5f7f11d50a3a" className="TraderPlaceApp.Tests.Controllers.RoleControllerTest, TraderPlaceApp.Tests, Version=1.0.0.0, Culture=neutral, PublicKeyToken=null" name="UpdateRoleWithShortChar" />
    </UnitTest>
  </TestDefinitions>
  <TestLists>
    <TestList name="Results Not in a List" id="8c84fa94-04c1-424b-9868-57a2d4851a1d" />
    <TestList name="All Loaded Results" id="19431567-8539-422a-85d7-44ee4e166bda" />
  </TestLists>
  <TestEntries>
    <TestEntry testId="f1df9c13-4c0a-702e-6bea-c04ad84dcfec" executionId="acdb5264-ff46-425e-bfff-76751e34312e" testListId="8c84fa94-04c1-424b-9868-57a2d4851a1d" />
  </TestEntries>
  <Results>
    <UnitTestResult executionId="acdb5264-ff46-425e-bfff-76751e34312e" testId="f1df9c13-4c0a-702e-6bea-c04ad84dcfec" testName="UpdateRoleWithShortChar" computerName="ALFREDLAPTOP" duration="00:00:04.1903244" startTime="2015-01-13T11:11:30.4098827+01:00" endTime="2015-01-13T11:11:35.9307027+01:00" testType="13cdc9d9-ddb5-4fa4-a97d-d965ccfc6d4b" outcome="Passed" testListId="8c84fa94-04c1-424b-9868-57a2d4851a1d" relativeResultsDirectory="acdb5264-ff46-425e-bfff-76751e34312e">
    </UnitTestResult>
  </Results>
</TestRun>