<?xml version="1.0" encoding="UTF-8"?>
<TestRun id="21717092-9378-4bec-bedf-841bbd9daa02" name="MattMif@ALFREDLAPTOP 2015-01-13 10:53:32" runUser="AlfredLaptop\MattMif" xmlns="http://microsoft.com/schemas/VisualStudio/TeamTest/2010">
  <TestSettings name="Default Test Settings" id="e4f6bd9e-2835-41ad-9a78-da5eef4d3b7e">
    <Deployment runDeploymentRoot="MattMif_ALFREDLAPTOP 2015-01-13 10_53_32">
      <DeploymentItem filename="C:\Users\MattMif\Desktop\SE_Assignment\TraderPlaceApp\Business Logic\bin\Debug\Business Logic.dll" />
      <DeploymentItem filename="C:\Users\MattMif\Desktop\SE_Assignment\TraderPlaceApp\TraderPlaceApp\bin\TraderPlaceApp.dll" />
      <DeploymentItem filename="C:\Users\MattMif\Desktop\SE_Assignment\TraderPlaceApp\Data Access\bin\Debug\Data Access.dll" />
      <DeploymentItem filename="C:\Users\MattMif\Desktop\SE_Assignment\TraderPlaceApp\Common\bin\Debug\Common.dll" />
    </Deployment>
    <Execution>
      <TestTypeSpecific />
      <AgentRule name="Execution Agents">
      </AgentRule>
    </Execution>
  </TestSettings>
  <Times creation="2015-01-13T10:53:32.2317004+01:00" queuing="2015-01-13T10:53:34.9550810+01:00" start="2015-01-13T10:53:35.2881883+01:00" finish="2015-01-13T10:53:43.7893532+01:00" />
  <ResultSummary outcome="Completed">
    <Counters total="1" executed="1" passed="1" error="0" failed="0" timeout="0" aborted="0" inconclusive="0" passedButRunAborted="0" notRunnable="0" notExecuted="0" disconnected="0" warning="0" completed="0" inProgress="0" pending="0" />
  </ResultSummary>
  <TestDefinitions>
    <UnitTest name="UpdateRoleWithNumbers" storage="c:\users\mattmif\desktop\se_assignment\traderplaceapp\traderplaceapp.tests\bin\debug\traderplaceapp.tests.dll" id="2eb1c1f9-7973-11ea-857c-3d44bafd2aea">
      <Execution id="616502e2-9a4c-42d1-83bd-8ec6d0a767c4" />
      <TestMethod codeBase="C:/Users/MattMif/Desktop/SE_Assignment/TraderPlaceApp/TraderPlaceApp.Tests/bin/Debug/TraderPlaceApp.Tests.DLL" adapterTypeName="Microsoft.VisualStudio.TestTools.TestTypes.Unit.UnitTestAdapter, Microsoft.VisualStudio.QualityTools.Tips.UnitTest.Adapter, Version=10.0.0.0, Culture=neutral, PublicKeyToken=b03f5f7f11d50a3a" className="TraderPlaceApp.Tests.Controllers.RoleControllerTest, TraderPlaceApp.Tests, Version=1.0.0.0, Culture=neutral, PublicKeyToken=null" name="UpdateRoleWithNumbers" />
    </UnitTest>
  </TestDefinitions>
  <TestLists>
    <TestList name="Results Not in a List" id="8c84fa94-04c1-424b-9868-57a2d4851a1d" />
    <TestList name="All Loaded Results" id="19431567-8539-422a-85d7-44ee4e166bda" />
  </TestLists>
  <TestEntries>
    <TestEntry testId="2eb1c1f9-7973-11ea-857c-3d44bafd2aea" executionId="616502e2-9a4c-42d1-83bd-8ec6d0a767c4" testListId="8c84fa94-04c1-424b-9868-57a2d4851a1d" />
  </TestEntries>
  <Results>
    <UnitTestResult executionId="616502e2-9a4c-42d1-83bd-8ec6d0a767c4" testId="2eb1c1f9-7973-11ea-857c-3d44bafd2aea" testName="UpdateRoleWithNumbers" computerName="ALFREDLAPTOP" duration="00:00:06.5198811" startTime="2015-01-13T10:53:35.3572113+01:00" endTime="2015-01-13T10:53:43.4722535+01:00" testType="13cdc9d9-ddb5-4fa4-a97d-d965ccfc6d4b" outcome="Passed" testListId="8c84fa94-04c1-424b-9868-57a2d4851a1d" relativeResultsDirectory="616502e2-9a4c-42d1-83bd-8ec6d0a767c4">
    </UnitTestResult>
  </Results>
</TestRun>