<?xml version="1.0" encoding="UTF-8"?>
<TestRun id="552ba333-53b0-4088-96f7-8d399239c653" name="MattMif@ALFREDLAPTOP 2015-01-13 11:05:31" runUser="AlfredLaptop\MattMif" xmlns="http://microsoft.com/schemas/VisualStudio/TeamTest/2010">
  <TestSettings name="Default Test Settings" id="c8ad750a-04f3-4fcc-a2fa-457b8880fd34">
    <Deployment runDeploymentRoot="MattMif_ALFREDLAPTOP 2015-01-13 11_05_31">
      <DeploymentItem filename="C:\Users\MattMif\Desktop\SE_Assignment\TraderPlaceApp\Business Logic\bin\Debug\Business Logic.dll" />
      <DeploymentItem filename="C:\Users\MattMif\Desktop\SE_Assignment\TraderPlaceApp\TraderPlaceApp\bin\TraderPlaceApp.dll" />
      <DeploymentItem filename="C:\Users\MattMif\Desktop\SE_Assignment\TraderPlaceApp\Data Access\bin\Debug\Data Access.dll" />
      <DeploymentItem filename="C:\Users\MattMif\Desktop\SE_Assignment\TraderPlaceApp\Common\bin\Debug\Common.dll" />
    </Deployment>
    <Execution>
      <TestTypeSpecific />
      <AgentRule name="Execution Agents">
      </AgentRule>
    </Execution>
  </TestSettings>
  <Times creation="2015-01-13T11:05:31.9258951+01:00" queuing="2015-01-13T11:05:34.1646198+01:00" start="2015-01-13T11:05:34.4707189+01:00" finish="2015-01-13T11:05:43.8583129+01:00" />
  <ResultSummary outcome="Completed">
    <Counters total="1" executed="1" passed="1" error="0" failed="0" timeout="0" aborted="0" inconclusive="0" passedButRunAborted="0" notRunnable="0" notExecuted="0" disconnected="0" warning="0" completed="0" inProgress="0" pending="0" />
  </ResultSummary>
  <TestDefinitions>
    <UnitTest name="GetRoleByNameTestWithNumbers" storage="c:\users\mattmif\desktop\se_assignment\traderplaceapp\traderplaceapp.tests\bin\debug\traderplaceapp.tests.dll" id="d474ced3-1095-217a-30c1-e75c5d5363f0">
      <Execution id="bc1f2684-8b3b-4fad-a574-fcafc33a60e5" />
      <TestMethod codeBase="C:/Users/MattMif/Desktop/SE_Assignment/TraderPlaceApp/TraderPlaceApp.Tests/bin/Debug/TraderPlaceApp.Tests.DLL" adapterTypeName="Microsoft.VisualStudio.TestTools.TestTypes.Unit.UnitTestAdapter, Microsoft.VisualStudio.QualityTools.Tips.UnitTest.Adapter, Version=10.0.0.0, Culture=neutral, PublicKeyToken=b03f5f7f11d50a3a" className="TraderPlaceApp.Tests.Controllers.RoleControllerTest, TraderPlaceApp.Tests, Version=1.0.0.0, Culture=neutral, PublicKeyToken=null" name="GetRoleByNameTestWithNumbers" />
    </UnitTest>
  </TestDefinitions>
  <TestLists>
    <TestList name="Results Not in a List" id="8c84fa94-04c1-424b-9868-57a2d4851a1d" />
    <TestList name="All Loaded Results" id="19431567-8539-422a-85d7-44ee4e166bda" />
  </TestLists>
  <TestEntries>
    <TestEntry testId="d474ced3-1095-217a-30c1-e75c5d5363f0" executionId="bc1f2684-8b3b-4fad-a574-fcafc33a60e5" testListId="8c84fa94-04c1-424b-9868-57a2d4851a1d" />
  </TestEntries>
  <Results>
    <UnitTestResult executionId="bc1f2684-8b3b-4fad-a574-fcafc33a60e5" testId="d474ced3-1095-217a-30c1-e75c5d5363f0" testName="GetRoleByNameTestWithNumbers" computerName="ALFREDLAPTOP" duration="00:00:06.0662885" startTime="2015-01-13T11:05:34.6917893+01:00" endTime="2015-01-13T11:05:42.1607678+01:00" testType="13cdc9d9-ddb5-4fa4-a97d-d965ccfc6d4b" outcome="Passed" testListId="8c84fa94-04c1-424b-9868-57a2d4851a1d" relativeResultsDirectory="bc1f2684-8b3b-4fad-a574-fcafc33a60e5">
    </UnitTestResult>
  </Results>
</TestRun>