<?xml version="1.0" encoding="UTF-8"?>
<TestRun id="5f451634-d1e2-4b40-a7ca-86496a739c6d" name="MattMif@ALFREDLAPTOP 2015-01-13 10:42:18" runUser="AlfredLaptop\MattMif" xmlns="http://microsoft.com/schemas/VisualStudio/TeamTest/2010">
  <TestSettings name="Default Test Settings" id="3113bfd7-af34-46be-8d3c-720cfd687ab6">
    <Deployment runDeploymentRoot="MattMif_ALFREDLAPTOP 2015-01-13 10_42_18">
      <DeploymentItem filename="C:\Users\MattMif\Desktop\SE_Assignment\TraderPlaceApp\Business Logic\bin\Debug\Business Logic.dll" />
      <DeploymentItem filename="C:\Users\MattMif\Desktop\SE_Assignment\TraderPlaceApp\TraderPlaceApp\bin\TraderPlaceApp.dll" />
      <DeploymentItem filename="C:\Users\MattMif\Desktop\SE_Assignment\TraderPlaceApp\Data Access\bin\Debug\Data Access.dll" />
      <DeploymentItem filename="C:\Users\MattMif\Desktop\SE_Assignment\TraderPlaceApp\Common\bin\Debug\Common.dll" />
    </Deployment>
    <Execution>
      <TestTypeSpecific />
      <AgentRule name="Execution Agents">
      </AgentRule>
    </Execution>
  </TestSettings>
  <Times creation="2015-01-13T10:42:18.1135114+01:00" queuing="2015-01-13T10:42:20.1902961+01:00" start="2015-01-13T10:42:20.4473780+01:00" finish="2015-01-13T10:42:31.1263418+01:00" />
  <ResultSummary outcome="Completed">
    <Counters total="1" executed="1" passed="1" error="0" failed="0" timeout="0" aborted="0" inconclusive="0" passedButRunAborted="0" notRunnable="0" notExecuted="0" disconnected="0" warning="0" completed="0" inProgress="0" pending="0" />
  </ResultSummary>
  <TestDefinitions>
    <UnitTest name="AddRoleTestWithEmptyField" storage="c:\users\mattmif\desktop\se_assignment\traderplaceapp\traderplaceapp.tests\bin\debug\traderplaceapp.tests.dll" id="fede1600-7016-2355-d7d6-4a8a179f3139">
      <Execution id="ed95548d-1e69-4b19-9107-105eca47fba6" />
      <TestMethod codeBase="C:/Users/MattMif/Desktop/SE_Assignment/TraderPlaceApp/TraderPlaceApp.Tests/bin/Debug/TraderPlaceApp.Tests.DLL" adapterTypeName="Microsoft.VisualStudio.TestTools.TestTypes.Unit.UnitTestAdapter, Microsoft.VisualStudio.QualityTools.Tips.UnitTest.Adapter, Version=10.0.0.0, Culture=neutral, PublicKeyToken=b03f5f7f11d50a3a" className="TraderPlaceApp.Tests.Controllers.RoleControllerTest, TraderPlaceApp.Tests, Version=1.0.0.0, Culture=neutral, PublicKeyToken=null" name="AddRoleTestWithEmptyField" />
    </UnitTest>
  </TestDefinitions>
  <TestLists>
    <TestList name="Results Not in a List" id="8c84fa94-04c1-424b-9868-57a2d4851a1d" />
    <TestList name="All Loaded Results" id="19431567-8539-422a-85d7-44ee4e166bda" />
  </TestLists>
  <TestEntries>
    <TestEntry testId="fede1600-7016-2355-d7d6-4a8a179f3139" executionId="ed95548d-1e69-4b19-9107-105eca47fba6" testListId="8c84fa94-04c1-424b-9868-57a2d4851a1d" />
  </TestEntries>
  <Results>
    <UnitTestResult executionId="ed95548d-1e69-4b19-9107-105eca47fba6" testId="fede1600-7016-2355-d7d6-4a8a179f3139" testName="AddRoleTestWithEmptyField" computerName="ALFREDLAPTOP" duration="00:00:07.2481452" startTime="2015-01-13T10:42:20.5184007+01:00" endTime="2015-01-13T10:42:29.4267778+01:00" testType="13cdc9d9-ddb5-4fa4-a97d-d965ccfc6d4b" outcome="Passed" testListId="8c84fa94-04c1-424b-9868-57a2d4851a1d" relativeResultsDirectory="ed95548d-1e69-4b19-9107-105eca47fba6">
    </UnitTestResult>
  </Results>
</TestRun>