<?xml version="1.0" encoding="UTF-8"?>
<TestRun id="d18edefc-538e-4329-a217-82ec33937c18" name="MattMif@ALFREDLAPTOP 2015-01-13 10:42:40" runUser="AlfredLaptop\MattMif" xmlns="http://microsoft.com/schemas/VisualStudio/TeamTest/2010">
  <TestSettings name="Default Test Settings" id="b0901cd0-fb38-42a1-9605-9334cfe1ce1b">
    <Deployment runDeploymentRoot="MattMif_ALFREDLAPTOP 2015-01-13 10_42_40">
      <DeploymentItem filename="C:\Users\MattMif\Desktop\SE_Assignment\TraderPlaceApp\Business Logic\bin\Debug\Business Logic.dll" />
      <DeploymentItem filename="C:\Users\MattMif\Desktop\SE_Assignment\TraderPlaceApp\TraderPlaceApp\bin\TraderPlaceApp.dll" />
      <DeploymentItem filename="C:\Users\MattMif\Desktop\SE_Assignment\TraderPlaceApp\Data Access\bin\Debug\Data Access.dll" />
      <DeploymentItem filename="C:\Users\MattMif\Desktop\SE_Assignment\TraderPlaceApp\Common\bin\Debug\Common.dll" />
    </Deployment>
    <Execution>
      <TestTypeSpecific />
      <AgentRule name="Execution Agents">
      </AgentRule>
    </Execution>
  </TestSettings>
  <Times creation="2015-01-13T10:42:40.1999637+01:00" queuing="2015-01-13T10:42:42.6407653+01:00" start="2015-01-13T10:42:42.8718379+01:00" finish="2015-01-13T10:42:52.1703837+01:00" />
  <ResultSummary outcome="Failed">
    <Counters total="1" executed="1" error="0" failed="1" timeout="0" aborted="0" inconclusive="0" passedButRunAborted="0" notRunnable="0" notExecuted="0" disconnected="0" warning="0" passed="0" completed="0" inProgress="0" pending="0" />
  </ResultSummary>
  <TestDefinitions>
    <UnitTest name="AddRoleTestWithNull" storage="c:\users\mattmif\desktop\se_assignment\traderplaceapp\traderplaceapp.tests\bin\debug\traderplaceapp.tests.dll" id="c8581f93-0a87-3119-5ba0-98106f3298db">
      <Execution id="91ae774f-5aa6-4127-a906-71bffbef8dcd" />
      <TestMethod codeBase="C:/Users/MattMif/Desktop/SE_Assignment/TraderPlaceApp/TraderPlaceApp.Tests/bin/Debug/TraderPlaceApp.Tests.DLL" adapterTypeName="Microsoft.VisualStudio.TestTools.TestTypes.Unit.UnitTestAdapter, Microsoft.VisualStudio.QualityTools.Tips.UnitTest.Adapter, Version=10.0.0.0, Culture=neutral, PublicKeyToken=b03f5f7f11d50a3a" className="TraderPlaceApp.Tests.Controllers.RoleControllerTest, TraderPlaceApp.Tests, Version=1.0.0.0, Culture=neutral, PublicKeyToken=null" name="AddRoleTestWithNull" />
    </UnitTest>
  </TestDefinitions>
  <TestLists>
    <TestList name="Results Not in a List" id="8c84fa94-04c1-424b-9868-57a2d4851a1d" />
    <TestList name="All Loaded Results" id="19431567-8539-422a-85d7-44ee4e166bda" />
  </TestLists>
  <TestEntries>
    <TestEntry testId="c8581f93-0a87-3119-5ba0-98106f3298db" executionId="91ae774f-5aa6-4127-a906-71bffbef8dcd" testListId="8c84fa94-04c1-424b-9868-57a2d4851a1d" />
  </TestEntries>
  <Results>
    <UnitTestResult executionId="91ae774f-5aa6-4127-a906-71bffbef8dcd" testId="c8581f93-0a87-3119-5ba0-98106f3298db" testName="AddRoleTestWithNull" computerName="ALFREDLAPTOP" duration="00:00:07.5647160" startTime="2015-01-13T10:42:42.9498625+01:00" endTime="2015-01-13T10:42:51.8632848+01:00" testType="13cdc9d9-ddb5-4fa4-a97d-d965ccfc6d4b" outcome="Failed" testListId="8c84fa94-04c1-424b-9868-57a2d4851a1d" relativeResultsDirectory="91ae774f-5aa6-4127-a906-71bffbef8dcd">
      <Output>
        <ErrorInfo>
          <Message>Test method TraderPlaceApp.Tests.Controllers.RoleControllerTest.AddRoleTestWithNull threw exception System.NullReferenceException, but exception System.Exception was expected. Exception message: System.NullReferenceException: Object reference not set to an instance of an object.</Message>
          <StackTrace>    at Data_Access.RoleRepository.CreateRole(Role entry) in C:\Users\MattMif\Desktop\SE_Assignment\TraderPlaceApp\Data Access\RoleRepository.cs:line 26
   at TraderPlaceApp.Tests.Controllers.RoleControllerTest.AddRoleTestWithNull() in C:\Users\MattMif\Desktop\SE_Assignment\TraderPlaceApp\TraderPlaceApp.Tests\Controllers\RoleControllerTest.cs:line 90
</StackTrace>
        </ErrorInfo>
      </Output>
    </UnitTestResult>
  </Results>
</TestRun>