<?xml version="1.0" encoding="UTF-8"?>
<TestRun id="7106242a-5b91-4107-9849-1f083787bd88" name="MattMif@ALFREDLAPTOP 2015-01-13 11:04:51" runUser="AlfredLaptop\MattMif" xmlns="http://microsoft.com/schemas/VisualStudio/TeamTest/2010">
  <TestSettings name="Default Test Settings" id="dfc6e91f-fbd7-4402-ab84-6eabd59dd6a3">
    <Deployment runDeploymentRoot="MattMif_ALFREDLAPTOP 2015-01-13 11_04_51">
      <DeploymentItem filename="C:\Users\MattMif\Desktop\SE_Assignment\TraderPlaceApp\Business Logic\bin\Debug\Business Logic.dll" />
      <DeploymentItem filename="C:\Users\MattMif\Desktop\SE_Assignment\TraderPlaceApp\TraderPlaceApp\bin\TraderPlaceApp.dll" />
      <DeploymentItem filename="C:\Users\MattMif\Desktop\SE_Assignment\TraderPlaceApp\Data Access\bin\Debug\Data Access.dll" />
      <DeploymentItem filename="C:\Users\MattMif\Desktop\SE_Assignment\TraderPlaceApp\Common\bin\Debug\Common.dll" />
    </Deployment>
    <Execution>
      <TestTypeSpecific />
      <AgentRule name="Execution Agents">
      </AgentRule>
    </Execution>
  </TestSettings>
  <Times creation="2015-01-13T11:04:51.2332767+01:00" queuing="2015-01-13T11:04:53.2479220+01:00" start="2015-01-13T11:04:53.5130060+01:00" finish="2015-01-13T11:05:02.3113943+01:00" />
  <ResultSummary outcome="Completed">
    <Counters total="1" executed="1" passed="1" error="0" failed="0" timeout="0" aborted="0" inconclusive="0" passedButRunAborted="0" notRunnable="0" notExecuted="0" disconnected="0" warning="0" completed="0" inProgress="0" pending="0" />
  </ResultSummary>
  <TestDefinitions>
    <UnitTest name="GetRoleByNameTestWithNonAsciiChar" storage="c:\users\mattmif\desktop\se_assignment\traderplaceapp\traderplaceapp.tests\bin\debug\traderplaceapp.tests.dll" id="a122af15-54f1-74de-2685-e888694ddbf6">
      <Execution id="f396e403-b957-469d-8253-fe80130847e1" />
      <TestMethod codeBase="C:/Users/MattMif/Desktop/SE_Assignment/TraderPlaceApp/TraderPlaceApp.Tests/bin/Debug/TraderPlaceApp.Tests.DLL" adapterTypeName="Microsoft.VisualStudio.TestTools.TestTypes.Unit.UnitTestAdapter, Microsoft.VisualStudio.QualityTools.Tips.UnitTest.Adapter, Version=10.0.0.0, Culture=neutral, PublicKeyToken=b03f5f7f11d50a3a" className="TraderPlaceApp.Tests.Controllers.RoleControllerTest, TraderPlaceApp.Tests, Version=1.0.0.0, Culture=neutral, PublicKeyToken=null" name="GetRoleByNameTestWithNonAsciiChar" />
    </UnitTest>
  </TestDefinitions>
  <TestLists>
    <TestList name="Results Not in a List" id="8c84fa94-04c1-424b-9868-57a2d4851a1d" />
    <TestList name="All Loaded Results" id="19431567-8539-422a-85d7-44ee4e166bda" />
  </TestLists>
  <TestEntries>
    <TestEntry testId="a122af15-54f1-74de-2685-e888694ddbf6" executionId="f396e403-b957-469d-8253-fe80130847e1" testListId="8c84fa94-04c1-424b-9868-57a2d4851a1d" />
  </TestEntries>
  <Results>
    <UnitTestResult executionId="f396e403-b957-469d-8253-fe80130847e1" testId="a122af15-54f1-74de-2685-e888694ddbf6" testName="GetRoleByNameTestWithNonAsciiChar" computerName="ALFREDLAPTOP" duration="00:00:05.7012372" startTime="2015-01-13T11:04:53.5870297+01:00" endTime="2015-01-13T11:05:00.6108492+01:00" testType="13cdc9d9-ddb5-4fa4-a97d-d965ccfc6d4b" outcome="Passed" testListId="8c84fa94-04c1-424b-9868-57a2d4851a1d" relativeResultsDirectory="f396e403-b957-469d-8253-fe80130847e1">
    </UnitTestResult>
  </Results>
</TestRun>