<?xml version="1.0" encoding="UTF-8"?>
<TestRun id="47719c94-458e-4033-aaa2-2130ea1e172c" name="MattMif@ALFREDLAPTOP 2015-01-13 11:03:31" runUser="AlfredLaptop\MattMif" xmlns="http://microsoft.com/schemas/VisualStudio/TeamTest/2010">
  <TestSettings name="Default Test Settings" id="a215e44e-3011-4041-b1bb-717a271e9b7c">
    <Deployment runDeploymentRoot="MattMif_ALFREDLAPTOP 2015-01-13 11_03_31">
      <DeploymentItem filename="C:\Users\MattMif\Desktop\SE_Assignment\TraderPlaceApp\Business Logic\bin\Debug\Business Logic.dll" />
      <DeploymentItem filename="C:\Users\MattMif\Desktop\SE_Assignment\TraderPlaceApp\TraderPlaceApp\bin\TraderPlaceApp.dll" />
      <DeploymentItem filename="C:\Users\MattMif\Desktop\SE_Assignment\TraderPlaceApp\Data Access\bin\Debug\Data Access.dll" />
      <DeploymentItem filename="C:\Users\MattMif\Desktop\SE_Assignment\TraderPlaceApp\Common\bin\Debug\Common.dll" />
    </Deployment>
    <Execution>
      <TestTypeSpecific />
      <AgentRule name="Execution Agents">
      </AgentRule>
    </Execution>
  </TestSettings>
  <Times creation="2015-01-13T11:03:31.3027068+01:00" queuing="2015-01-13T11:03:33.7044834+01:00" start="2015-01-13T11:03:33.9625661+01:00" finish="2015-01-13T11:03:38.7401181+01:00" />
  <ResultSummary outcome="Completed">
    <Counters total="1" executed="1" passed="1" error="0" failed="0" timeout="0" aborted="0" inconclusive="0" passedButRunAborted="0" notRunnable="0" notExecuted="0" disconnected="0" warning="0" completed="0" inProgress="0" pending="0" />
  </ResultSummary>
  <TestDefinitions>
    <UnitTest name="GetRoleByNameTest" storage="c:\users\mattmif\desktop\se_assignment\traderplaceapp\traderplaceapp.tests\bin\debug\traderplaceapp.tests.dll" id="ec03753a-776a-ffbf-48d0-5e2fda83d07c">
      <Execution id="0cbfdd53-bc7d-42c1-9e5f-c2d988cc6418" />
      <TestMethod codeBase="C:/Users/MattMif/Desktop/SE_Assignment/TraderPlaceApp/TraderPlaceApp.Tests/bin/Debug/TraderPlaceApp.Tests.DLL" adapterTypeName="Microsoft.VisualStudio.TestTools.TestTypes.Unit.UnitTestAdapter, Microsoft.VisualStudio.QualityTools.Tips.UnitTest.Adapter, Version=10.0.0.0, Culture=neutral, PublicKeyToken=b03f5f7f11d50a3a" className="TraderPlaceApp.Tests.Controllers.RoleControllerTest, TraderPlaceApp.Tests, Version=1.0.0.0, Culture=neutral, PublicKeyToken=null" name="GetRoleByNameTest" />
    </UnitTest>
  </TestDefinitions>
  <TestLists>
    <TestList name="Results Not in a List" id="8c84fa94-04c1-424b-9868-57a2d4851a1d" />
    <TestList name="All Loaded Results" id="19431567-8539-422a-85d7-44ee4e166bda" />
  </TestLists>
  <TestEntries>
    <TestEntry testId="ec03753a-776a-ffbf-48d0-5e2fda83d07c" executionId="0cbfdd53-bc7d-42c1-9e5f-c2d988cc6418" testListId="8c84fa94-04c1-424b-9868-57a2d4851a1d" />
  </TestEntries>
  <Results>
    <UnitTestResult executionId="0cbfdd53-bc7d-42c1-9e5f-c2d988cc6418" testId="ec03753a-776a-ffbf-48d0-5e2fda83d07c" testName="GetRoleByNameTest" computerName="ALFREDLAPTOP" duration="00:00:01.5835954" startTime="2015-01-13T11:03:34.0295871+01:00" endTime="2015-01-13T11:03:37.0145645+01:00" testType="13cdc9d9-ddb5-4fa4-a97d-d965ccfc6d4b" outcome="Passed" testListId="8c84fa94-04c1-424b-9868-57a2d4851a1d" relativeResultsDirectory="0cbfdd53-bc7d-42c1-9e5f-c2d988cc6418">
    </UnitTestResult>
  </Results>
</TestRun>