<?xml version="1.0" encoding="UTF-8"?>
<TestRun id="9b8bf434-5d21-4e37-bab0-ceb854a6b3ca" name="MattMif@ALFREDLAPTOP 2015-01-13 10:38:45" runUser="AlfredLaptop\MattMif" xmlns="http://microsoft.com/schemas/VisualStudio/TeamTest/2010">
  <TestSettings name="Default Test Settings" id="c59a1b75-9fb9-4322-8fdb-8fa472422140">
    <Deployment runDeploymentRoot="MattMif_ALFREDLAPTOP 2015-01-13 10_38_45">
      <DeploymentItem filename="C:\Users\MattMif\Desktop\SE_Assignment\TraderPlaceApp\Business Logic\bin\Debug\Business Logic.dll" />
      <DeploymentItem filename="C:\Users\MattMif\Desktop\SE_Assignment\TraderPlaceApp\TraderPlaceApp\bin\TraderPlaceApp.dll" />
      <DeploymentItem filename="C:\Users\MattMif\Desktop\SE_Assignment\TraderPlaceApp\Data Access\bin\Debug\Data Access.dll" />
      <DeploymentItem filename="C:\Users\MattMif\Desktop\SE_Assignment\TraderPlaceApp\Common\bin\Debug\Common.dll" />
    </Deployment>
    <Execution>
      <TestTypeSpecific />
      <AgentRule name="Execution Agents">
      </AgentRule>
    </Execution>
  </TestSettings>
  <Times creation="2015-01-13T10:38:45.7139567+01:00" queuing="2015-01-13T10:38:47.6916017+01:00" start="2015-01-13T10:38:47.9146732+01:00" finish="2015-01-13T10:38:51.6148688+01:00" />
  <ResultSummary outcome="Failed">
    <Counters total="1" executed="1" error="0" failed="1" timeout="0" aborted="0" inconclusive="0" passedButRunAborted="0" notRunnable="0" notExecuted="0" disconnected="0" warning="0" passed="0" completed="0" inProgress="0" pending="0" />
  </ResultSummary>
  <TestDefinitions>
    <UnitTest name="AddRoleTestWithNameLong" storage="c:\users\mattmif\desktop\se_assignment\traderplaceapp\traderplaceapp.tests\bin\debug\traderplaceapp.tests.dll" id="cc6ec9c0-b057-e971-65ad-b6ecc692f7a4">
      <Execution id="4f1bb75b-3245-4179-ac98-e9e6463e5c88" />
      <TestMethod codeBase="C:/Users/MattMif/Desktop/SE_Assignment/TraderPlaceApp/TraderPlaceApp.Tests/bin/Debug/TraderPlaceApp.Tests.DLL" adapterTypeName="Microsoft.VisualStudio.TestTools.TestTypes.Unit.UnitTestAdapter, Microsoft.VisualStudio.QualityTools.Tips.UnitTest.Adapter, Version=10.0.0.0, Culture=neutral, PublicKeyToken=b03f5f7f11d50a3a" className="TraderPlaceApp.Tests.Controllers.RoleControllerTest, TraderPlaceApp.Tests, Version=1.0.0.0, Culture=neutral, PublicKeyToken=null" name="AddRoleTestWithNameLong" />
    </UnitTest>
  </TestDefinitions>
  <TestLists>
    <TestList name="Results Not in a List" id="8c84fa94-04c1-424b-9868-57a2d4851a1d" />
    <TestList name="All Loaded Results" id="19431567-8539-422a-85d7-44ee4e166bda" />
  </TestLists>
  <TestEntries>
    <TestEntry testId="cc6ec9c0-b057-e971-65ad-b6ecc692f7a4" executionId="4f1bb75b-3245-4179-ac98-e9e6463e5c88" testListId="8c84fa94-04c1-424b-9868-57a2d4851a1d" />
  </TestEntries>
  <Results>
    <UnitTestResult executionId="4f1bb75b-3245-4179-ac98-e9e6463e5c88" testId="cc6ec9c0-b057-e971-65ad-b6ecc692f7a4" testName="AddRoleTestWithNameLong" computerName="ALFREDLAPTOP" duration="00:00:01.8825151" startTime="2015-01-13T10:38:48.0177081+01:00" endTime="2015-01-13T10:38:51.2747516+01:00" testType="13cdc9d9-ddb5-4fa4-a97d-d965ccfc6d4b" outcome="Failed" testListId="8c84fa94-04c1-424b-9868-57a2d4851a1d" relativeResultsDirectory="4f1bb75b-3245-4179-ac98-e9e6463e5c88">
      <Output>
        <ErrorInfo>
          <Message>Test method TraderPlaceApp.Tests.Controllers.RoleControllerTest.AddRoleTestWithNameLong did not throw expected exception System.Exception.</Message>
        </ErrorInfo>
      </Output>
    </UnitTestResult>
  </Results>
</TestRun>