<?xml version="1.0" encoding="UTF-8"?>
<TestRun id="75c6d4ff-17e6-4a80-bfee-7fb109fc8d53" name="MattMif@ALFREDLAPTOP 2015-01-13 11:06:01" runUser="AlfredLaptop\MattMif" xmlns="http://microsoft.com/schemas/VisualStudio/TeamTest/2010">
  <TestSettings name="Default Test Settings" id="81949d89-f45f-4a17-b250-b7d5e9ca7c93">
    <Deployment runDeploymentRoot="MattMif_ALFREDLAPTOP 2015-01-13 11_06_01">
      <DeploymentItem filename="C:\Users\MattMif\Desktop\SE_Assignment\TraderPlaceApp\Business Logic\bin\Debug\Business Logic.dll" />
      <DeploymentItem filename="C:\Users\MattMif\Desktop\SE_Assignment\TraderPlaceApp\TraderPlaceApp\bin\TraderPlaceApp.dll" />
      <DeploymentItem filename="C:\Users\MattMif\Desktop\SE_Assignment\TraderPlaceApp\Data Access\bin\Debug\Data Access.dll" />
      <DeploymentItem filename="C:\Users\MattMif\Desktop\SE_Assignment\TraderPlaceApp\Common\bin\Debug\Common.dll" />
    </Deployment>
    <Execution>
      <TestTypeSpecific />
      <AgentRule name="Execution Agents">
      </AgentRule>
    </Execution>
  </TestSettings>
  <Times creation="2015-01-13T11:06:01.9072696+01:00" queuing="2015-01-13T11:06:04.2115495+01:00" start="2015-01-13T11:06:04.4696322+01:00" finish="2015-01-13T11:06:36.7743393+01:00" />
  <ResultSummary outcome="Completed">
    <Counters total="24" executed="24" passed="24" error="0" failed="0" timeout="0" aborted="0" inconclusive="0" passedButRunAborted="0" notRunnable="0" notExecuted="0" disconnected="0" warning="0" completed="0" inProgress="0" pending="0" />
  </ResultSummary>
  <TestDefinitions>
    <UnitTest name="DeleteRoleTestWithNonExistingID" storage="c:\users\mattmif\desktop\se_assignment\traderplaceapp\traderplaceapp.tests\bin\debug\traderplaceapp.tests.dll" id="7f14bc7e-3bed-bd76-5aee-5a8cf6bdc6e4">
      <Execution id="47f8946e-29bb-499d-b4b7-d15b318e8973" />
      <TestMethod codeBase="C:/Users/MattMif/Desktop/SE_Assignment/TraderPlaceApp/TraderPlaceApp.Tests/bin/Debug/TraderPlaceApp.Tests.DLL" adapterTypeName="Microsoft.VisualStudio.TestTools.TestTypes.Unit.UnitTestAdapter, Microsoft.VisualStudio.QualityTools.Tips.UnitTest.Adapter, Version=10.0.0.0, Culture=neutral, PublicKeyToken=b03f5f7f11d50a3a" className="TraderPlaceApp.Tests.Controllers.RoleControllerTest, TraderPlaceApp.Tests, Version=1.0.0.0, Culture=neutral, PublicKeyToken=null" name="DeleteRoleTestWithNonExistingID" />
    </UnitTest>
    <UnitTest name="DeleteRoleTest" storage="c:\users\mattmif\desktop\se_assignment\traderplaceapp\traderplaceapp.tests\bin\debug\traderplaceapp.tests.dll" id="7504c301-0505-f3c9-4ca1-4aee94ea9878">
      <Execution id="3ce1e01f-ca6d-4c7d-bbd4-8b8820dd4c0f" />
      <TestMethod codeBase="C:/Users/MattMif/Desktop/SE_Assignment/TraderPlaceApp/TraderPlaceApp.Tests/bin/Debug/TraderPlaceApp.Tests.DLL" adapterTypeName="Microsoft.VisualStudio.TestTools.TestTypes.Unit.UnitTestAdapter, Microsoft.VisualStudio.QualityTools.Tips.UnitTest.Adapter, Version=10.0.0.0, Culture=neutral, PublicKeyToken=b03f5f7f11d50a3a" className="TraderPlaceApp.Tests.Controllers.RoleControllerTest, TraderPlaceApp.Tests, Version=1.0.0.0, Culture=neutral, PublicKeyToken=null" name="DeleteRoleTest" />
    </UnitTest>
    <UnitTest name="GetRoleByNameTestWithLongChar" storage="c:\users\mattmif\desktop\se_assignment\traderplaceapp\traderplaceapp.tests\bin\debug\traderplaceapp.tests.dll" id="be4cecf6-7322-8f33-6664-d8013714b2f2">
      <Execution id="6a19c975-163c-4bd5-be3d-584f6f35441e" />
      <TestMethod codeBase="C:/Users/MattMif/Desktop/SE_Assignment/TraderPlaceApp/TraderPlaceApp.Tests/bin/Debug/TraderPlaceApp.Tests.DLL" adapterTypeName="Microsoft.VisualStudio.TestTools.TestTypes.Unit.UnitTestAdapter, Microsoft.VisualStudio.QualityTools.Tips.UnitTest.Adapter, Version=10.0.0.0, Culture=neutral, PublicKeyToken=b03f5f7f11d50a3a" className="TraderPlaceApp.Tests.Controllers.RoleControllerTest, TraderPlaceApp.Tests, Version=1.0.0.0, Culture=neutral, PublicKeyToken=null" name="GetRoleByNameTestWithLongChar" />
    </UnitTest>
    <UnitTest name="DeleteRoleTestWithIndexOutOfRange" storage="c:\users\mattmif\desktop\se_assignment\traderplaceapp\traderplaceapp.tests\bin\debug\traderplaceapp.tests.dll" id="41360058-c956-36b7-984d-e4a341817741">
      <Execution id="d91a0980-76aa-491d-97e3-8c2129c30f43" />
      <TestMethod codeBase="C:/Users/MattMif/Desktop/SE_Assignment/TraderPlaceApp/TraderPlaceApp.Tests/bin/Debug/TraderPlaceApp.Tests.DLL" adapterTypeName="Microsoft.VisualStudio.TestTools.TestTypes.Unit.UnitTestAdapter, Microsoft.VisualStudio.QualityTools.Tips.UnitTest.Adapter, Version=10.0.0.0, Culture=neutral, PublicKeyToken=b03f5f7f11d50a3a" className="TraderPlaceApp.Tests.Controllers.RoleControllerTest, TraderPlaceApp.Tests, Version=1.0.0.0, Culture=neutral, PublicKeyToken=null" name="DeleteRoleTestWithIndexOutOfRange" />
    </UnitTest>
    <UnitTest name="AddRoleTestWithNameLong" storage="c:\users\mattmif\desktop\se_assignment\traderplaceapp\traderplaceapp.tests\bin\debug\traderplaceapp.tests.dll" id="cc6ec9c0-b057-e971-65ad-b6ecc692f7a4">
      <Execution id="07522dbd-9264-4721-a9f0-a67beb7108ed" />
      <TestMethod codeBase="C:/Users/MattMif/Desktop/SE_Assignment/TraderPlaceApp/TraderPlaceApp.Tests/bin/Debug/TraderPlaceApp.Tests.DLL" adapterTypeName="Microsoft.VisualStudio.TestTools.TestTypes.Unit.UnitTestAdapter, Microsoft.VisualStudio.QualityTools.Tips.UnitTest.Adapter, Version=10.0.0.0, Culture=neutral, PublicKeyToken=b03f5f7f11d50a3a" className="TraderPlaceApp.Tests.Controllers.RoleControllerTest, TraderPlaceApp.Tests, Version=1.0.0.0, Culture=neutral, PublicKeyToken=null" name="AddRoleTestWithNameLong" />
    </UnitTest>
    <UnitTest name="AddRoleTest" storage="c:\users\mattmif\desktop\se_assignment\traderplaceapp\traderplaceapp.tests\bin\debug\traderplaceapp.tests.dll" id="d8d2fa1b-accd-c01c-d46e-1abaf4a1de9e">
      <Execution id="31abb92d-1a38-4319-91dc-9309635c19ef" />
      <TestMethod codeBase="C:/Users/MattMif/Desktop/SE_Assignment/TraderPlaceApp/TraderPlaceApp.Tests/bin/Debug/TraderPlaceApp.Tests.DLL" adapterTypeName="Microsoft.VisualStudio.TestTools.TestTypes.Unit.UnitTestAdapter, Microsoft.VisualStudio.QualityTools.Tips.UnitTest.Adapter, Version=10.0.0.0, Culture=neutral, PublicKeyToken=b03f5f7f11d50a3a" className="TraderPlaceApp.Tests.Controllers.RoleControllerTest, TraderPlaceApp.Tests, Version=1.0.0.0, Culture=neutral, PublicKeyToken=null" name="AddRoleTest" />
    </UnitTest>
    <UnitTest name="About" storage="c:\users\mattmif\desktop\se_assignment\traderplaceapp\traderplaceapp.tests\bin\debug\traderplaceapp.tests.dll" id="a4442ed4-7a8b-a60d-2e57-ab4d2b217857">
      <Execution id="ee284b3d-44b5-4bec-a06c-a50333a0e915" />
      <TestMethod codeBase="C:/Users/MattMif/Desktop/SE_Assignment/TraderPlaceApp/TraderPlaceApp.Tests/bin/Debug/TraderPlaceApp.Tests.DLL" adapterTypeName="Microsoft.VisualStudio.TestTools.TestTypes.Unit.UnitTestAdapter, Microsoft.VisualStudio.QualityTools.Tips.UnitTest.Adapter, Version=10.0.0.0, Culture=neutral, PublicKeyToken=b03f5f7f11d50a3a" className="TraderPlaceApp.Tests.Controllers.HomeControllerTest, TraderPlaceApp.Tests, Version=1.0.0.0, Culture=neutral, PublicKeyToken=null" name="About" />
    </UnitTest>
    <UnitTest name="UpdateRoleWithNull" storage="c:\users\mattmif\desktop\se_assignment\traderplaceapp\traderplaceapp.tests\bin\debug\traderplaceapp.tests.dll" id="a14cde04-63ac-9696-d432-e3e50e9e4dc3">
      <Execution id="ca40d5a3-f992-4ae4-a877-e7c1ce908bce" />
      <TestMethod codeBase="C:/Users/MattMif/Desktop/SE_Assignment/TraderPlaceApp/TraderPlaceApp.Tests/bin/Debug/TraderPlaceApp.Tests.DLL" adapterTypeName="Microsoft.VisualStudio.TestTools.TestTypes.Unit.UnitTestAdapter, Microsoft.VisualStudio.QualityTools.Tips.UnitTest.Adapter, Version=10.0.0.0, Culture=neutral, PublicKeyToken=b03f5f7f11d50a3a" className="TraderPlaceApp.Tests.Controllers.RoleControllerTest, TraderPlaceApp.Tests, Version=1.0.0.0, Culture=neutral, PublicKeyToken=null" name="UpdateRoleWithNull" />
    </UnitTest>
    <UnitTest name="GetRoleByNameTest" storage="c:\users\mattmif\desktop\se_assignment\traderplaceapp\traderplaceapp.tests\bin\debug\traderplaceapp.tests.dll" id="ec03753a-776a-ffbf-48d0-5e2fda83d07c">
      <Execution id="a1d56fe5-a339-4a4d-9ea9-f39a2b4e639e" />
      <TestMethod codeBase="C:/Users/MattMif/Desktop/SE_Assignment/TraderPlaceApp/TraderPlaceApp.Tests/bin/Debug/TraderPlaceApp.Tests.DLL" adapterTypeName="Microsoft.VisualStudio.TestTools.TestTypes.Unit.UnitTestAdapter, Microsoft.VisualStudio.QualityTools.Tips.UnitTest.Adapter, Version=10.0.0.0, Culture=neutral, PublicKeyToken=b03f5f7f11d50a3a" className="TraderPlaceApp.Tests.Controllers.RoleControllerTest, TraderPlaceApp.Tests, Version=1.0.0.0, Culture=neutral, PublicKeyToken=null" name="GetRoleByNameTest" />
    </UnitTest>
    <UnitTest name="UpdateRoleWithEmptyString" storage="c:\users\mattmif\desktop\se_assignment\traderplaceapp\traderplaceapp.tests\bin\debug\traderplaceapp.tests.dll" id="9e664647-4cab-93ef-27fa-d96bdc610731">
      <Execution id="a54d1073-fbcf-46ea-ad20-6f6eb3c5bc1f" />
      <TestMethod codeBase="C:/Users/MattMif/Desktop/SE_Assignment/TraderPlaceApp/TraderPlaceApp.Tests/bin/Debug/TraderPlaceApp.Tests.DLL" adapterTypeName="Microsoft.VisualStudio.TestTools.TestTypes.Unit.UnitTestAdapter, Microsoft.VisualStudio.QualityTools.Tips.UnitTest.Adapter, Version=10.0.0.0, Culture=neutral, PublicKeyToken=b03f5f7f11d50a3a" className="TraderPlaceApp.Tests.Controllers.RoleControllerTest, TraderPlaceApp.Tests, Version=1.0.0.0, Culture=neutral, PublicKeyToken=null" name="UpdateRoleWithEmptyString" />
    </UnitTest>
    <UnitTest name="UpdateRoleWithLongChar" storage="c:\users\mattmif\desktop\se_assignment\traderplaceapp\traderplaceapp.tests\bin\debug\traderplaceapp.tests.dll" id="51260270-99c2-a592-6289-efc648b7c1ce">
      <Execution id="c9c38b75-e623-4289-91e3-91994793c7b0" />
      <TestMethod codeBase="C:/Users/MattMif/Desktop/SE_Assignment/TraderPlaceApp/TraderPlaceApp.Tests/bin/Debug/TraderPlaceApp.Tests.DLL" adapterTypeName="Microsoft.VisualStudio.TestTools.TestTypes.Unit.UnitTestAdapter, Microsoft.VisualStudio.QualityTools.Tips.UnitTest.Adapter, Version=10.0.0.0, Culture=neutral, PublicKeyToken=b03f5f7f11d50a3a" className="TraderPlaceApp.Tests.Controllers.RoleControllerTest, TraderPlaceApp.Tests, Version=1.0.0.0, Culture=neutral, PublicKeyToken=null" name="UpdateRoleWithLongChar" />
    </UnitTest>
    <UnitTest name="UpdateRoleWithNonAsciiChar" storage="c:\users\mattmif\desktop\se_assignment\traderplaceapp\traderplaceapp.tests\bin\debug\traderplaceapp.tests.dll" id="c055d1e6-3f71-cb60-a031-1f1af95fa19e">
      <Execution id="dff40fd7-b0f8-417d-a1a3-1fcd20db2f82" />
      <TestMethod codeBase="C:/Users/MattMif/Desktop/SE_Assignment/TraderPlaceApp/TraderPlaceApp.Tests/bin/Debug/TraderPlaceApp.Tests.DLL" adapterTypeName="Microsoft.VisualStudio.TestTools.TestTypes.Unit.UnitTestAdapter, Microsoft.VisualStudio.QualityTools.Tips.UnitTest.Adapter, Version=10.0.0.0, Culture=neutral, PublicKeyToken=b03f5f7f11d50a3a" className="TraderPlaceApp.Tests.Controllers.RoleControllerTest, TraderPlaceApp.Tests, Version=1.0.0.0, Culture=neutral, PublicKeyToken=null" name="UpdateRoleWithNonAsciiChar" />
    </UnitTest>
    <UnitTest name="AddRoleTestWithNumbers" storage="c:\users\mattmif\desktop\se_assignment\traderplaceapp\traderplaceapp.tests\bin\debug\traderplaceapp.tests.dll" id="fcafdad6-d044-8dfa-0a18-ccddb9d60a38">
      <Execution id="fc03923a-a3bb-4116-bc3a-dea2d8a87dcf" />
      <TestMethod codeBase="C:/Users/MattMif/Desktop/SE_Assignment/TraderPlaceApp/TraderPlaceApp.Tests/bin/Debug/TraderPlaceApp.Tests.DLL" adapterTypeName="Microsoft.VisualStudio.TestTools.TestTypes.Unit.UnitTestAdapter, Microsoft.VisualStudio.QualityTools.Tips.UnitTest.Adapter, Version=10.0.0.0, Culture=neutral, PublicKeyToken=b03f5f7f11d50a3a" className="TraderPlaceApp.Tests.Controllers.RoleControllerTest, TraderPlaceApp.Tests, Version=1.0.0.0, Culture=neutral, PublicKeyToken=null" name="AddRoleTestWithNumbers" />
    </UnitTest>
    <UnitTest name="GetRoleByNameEmptyStringTest" storage="c:\users\mattmif\desktop\se_assignment\traderplaceapp\traderplaceapp.tests\bin\debug\traderplaceapp.tests.dll" id="e74b7b6e-789d-5be6-d6c1-37548d53e5e2">
      <Execution id="3efaf350-5559-422b-adc6-2cf9764200b0" />
      <TestMethod codeBase="C:/Users/MattMif/Desktop/SE_Assignment/TraderPlaceApp/TraderPlaceApp.Tests/bin/Debug/TraderPlaceApp.Tests.DLL" adapterTypeName="Microsoft.VisualStudio.TestTools.TestTypes.Unit.UnitTestAdapter, Microsoft.VisualStudio.QualityTools.Tips.UnitTest.Adapter, Version=10.0.0.0, Culture=neutral, PublicKeyToken=b03f5f7f11d50a3a" className="TraderPlaceApp.Tests.Controllers.RoleControllerTest, TraderPlaceApp.Tests, Version=1.0.0.0, Culture=neutral, PublicKeyToken=null" name="GetRoleByNameEmptyStringTest" />
    </UnitTest>
    <UnitTest name="Index" storage="c:\users\mattmif\desktop\se_assignment\traderplaceapp\traderplaceapp.tests\bin\debug\traderplaceapp.tests.dll" id="ad9f2b81-0289-2271-fb57-aeecbe404f38">
      <Execution id="16c31335-8bc4-4595-8da1-4d2a294c8061" />
      <TestMethod codeBase="C:/Users/MattMif/Desktop/SE_Assignment/TraderPlaceApp/TraderPlaceApp.Tests/bin/Debug/TraderPlaceApp.Tests.DLL" adapterTypeName="Microsoft.VisualStudio.TestTools.TestTypes.Unit.UnitTestAdapter, Microsoft.VisualStudio.QualityTools.Tips.UnitTest.Adapter, Version=10.0.0.0, Culture=neutral, PublicKeyToken=b03f5f7f11d50a3a" className="TraderPlaceApp.Tests.Controllers.HomeControllerTest, TraderPlaceApp.Tests, Version=1.0.0.0, Culture=neutral, PublicKeyToken=null" name="Index" />
    </UnitTest>
    <UnitTest name="GetRoleByNameTestWithNull" storage="c:\users\mattmif\desktop\se_assignment\traderplaceapp\traderplaceapp.tests\bin\debug\traderplaceapp.tests.dll" id="fa9ad786-6169-c1bc-8e78-ccc4cebcb112">
      <Execution id="8af97b00-46f2-4301-83b5-36fb2c9a7a4c" />
      <TestMethod codeBase="C:/Users/MattMif/Desktop/SE_Assignment/TraderPlaceApp/TraderPlaceApp.Tests/bin/Debug/TraderPlaceApp.Tests.DLL" adapterTypeName="Microsoft.VisualStudio.TestTools.TestTypes.Unit.UnitTestAdapter, Microsoft.VisualStudio.QualityTools.Tips.UnitTest.Adapter, Version=10.0.0.0, Culture=neutral, PublicKeyToken=b03f5f7f11d50a3a" className="TraderPlaceApp.Tests.Controllers.RoleControllerTest, TraderPlaceApp.Tests, Version=1.0.0.0, Culture=neutral, PublicKeyToken=null" name="GetRoleByNameTestWithNull" />
    </UnitTest>
    <UnitTest name="UpdateRoleTest" storage="c:\users\mattmif\desktop\se_assignment\traderplaceapp\traderplaceapp.tests\bin\debug\traderplaceapp.tests.dll" id="50cf6af9-82f8-7b49-b96f-42b2e6933e75">
      <Execution id="107cd82b-47d7-4763-966c-34f9a7b60d44" />
      <TestMethod codeBase="C:/Users/MattMif/Desktop/SE_Assignment/TraderPlaceApp/TraderPlaceApp.Tests/bin/Debug/TraderPlaceApp.Tests.DLL" adapterTypeName="Microsoft.VisualStudio.TestTools.TestTypes.Unit.UnitTestAdapter, Microsoft.VisualStudio.QualityTools.Tips.UnitTest.Adapter, Version=10.0.0.0, Culture=neutral, PublicKeyToken=b03f5f7f11d50a3a" className="TraderPlaceApp.Tests.Controllers.RoleControllerTest, TraderPlaceApp.Tests, Version=1.0.0.0, Culture=neutral, PublicKeyToken=null" name="UpdateRoleTest" />
    </UnitTest>
    <UnitTest name="GetRoleByNameTestWithNumbers" storage="c:\users\mattmif\desktop\se_assignment\traderplaceapp\traderplaceapp.tests\bin\debug\traderplaceapp.tests.dll" id="d474ced3-1095-217a-30c1-e75c5d5363f0">
      <Execution id="6739c017-c964-4707-a2ec-c960e9aa942c" />
      <TestMethod codeBase="C:/Users/MattMif/Desktop/SE_Assignment/TraderPlaceApp/TraderPlaceApp.Tests/bin/Debug/TraderPlaceApp.Tests.DLL" adapterTypeName="Microsoft.VisualStudio.TestTools.TestTypes.Unit.UnitTestAdapter, Microsoft.VisualStudio.QualityTools.Tips.UnitTest.Adapter, Version=10.0.0.0, Culture=neutral, PublicKeyToken=b03f5f7f11d50a3a" className="TraderPlaceApp.Tests.Controllers.RoleControllerTest, TraderPlaceApp.Tests, Version=1.0.0.0, Culture=neutral, PublicKeyToken=null" name="GetRoleByNameTestWithNumbers" />
    </UnitTest>
    <UnitTest name="UpdateRoleWithNumbers" storage="c:\users\mattmif\desktop\se_assignment\traderplaceapp\traderplaceapp.tests\bin\debug\traderplaceapp.tests.dll" id="2eb1c1f9-7973-11ea-857c-3d44bafd2aea">
      <Execution id="3fc27fa3-248f-4ab4-927e-fe152e5a0dcc" />
      <TestMethod codeBase="C:/Users/MattMif/Desktop/SE_Assignment/TraderPlaceApp/TraderPlaceApp.Tests/bin/Debug/TraderPlaceApp.Tests.DLL" adapterTypeName="Microsoft.VisualStudio.TestTools.TestTypes.Unit.UnitTestAdapter, Microsoft.VisualStudio.QualityTools.Tips.UnitTest.Adapter, Version=10.0.0.0, Culture=neutral, PublicKeyToken=b03f5f7f11d50a3a" className="TraderPlaceApp.Tests.Controllers.RoleControllerTest, TraderPlaceApp.Tests, Version=1.0.0.0, Culture=neutral, PublicKeyToken=null" name="UpdateRoleWithNumbers" />
    </UnitTest>
    <UnitTest name="AddRoleTestWithNonAsciiChar" storage="c:\users\mattmif\desktop\se_assignment\traderplaceapp\traderplaceapp.tests\bin\debug\traderplaceapp.tests.dll" id="66c98eba-f7e3-85ce-5e49-83341cfd6d14">
      <Execution id="d58f3b67-0ce4-47c5-b3ab-b0034d35fb5b" />
      <TestMethod codeBase="C:/Users/MattMif/Desktop/SE_Assignment/TraderPlaceApp/TraderPlaceApp.Tests/bin/Debug/TraderPlaceApp.Tests.DLL" adapterTypeName="Microsoft.VisualStudio.TestTools.TestTypes.Unit.UnitTestAdapter, Microsoft.VisualStudio.QualityTools.Tips.UnitTest.Adapter, Version=10.0.0.0, Culture=neutral, PublicKeyToken=b03f5f7f11d50a3a" className="TraderPlaceApp.Tests.Controllers.RoleControllerTest, TraderPlaceApp.Tests, Version=1.0.0.0, Culture=neutral, PublicKeyToken=null" name="AddRoleTestWithNonAsciiChar" />
    </UnitTest>
    <UnitTest name="GetAllRoles" storage="c:\users\mattmif\desktop\se_assignment\traderplaceapp\traderplaceapp.tests\bin\debug\traderplaceapp.tests.dll" id="ed440bb0-524a-39cc-a811-5f5ad0322b87">
      <Execution id="104aef2d-ce54-4ba4-9ac4-09280a1e8015" />
      <TestMethod codeBase="C:/Users/MattMif/Desktop/SE_Assignment/TraderPlaceApp/TraderPlaceApp.Tests/bin/Debug/TraderPlaceApp.Tests.DLL" adapterTypeName="Microsoft.VisualStudio.TestTools.TestTypes.Unit.UnitTestAdapter, Microsoft.VisualStudio.QualityTools.Tips.UnitTest.Adapter, Version=10.0.0.0, Culture=neutral, PublicKeyToken=b03f5f7f11d50a3a" className="TraderPlaceApp.Tests.Controllers.RoleControllerTest, TraderPlaceApp.Tests, Version=1.0.0.0, Culture=neutral, PublicKeyToken=null" name="GetAllRoles" />
    </UnitTest>
    <UnitTest name="GetRoleByNameTestWithNonAsciiChar" storage="c:\users\mattmif\desktop\se_assignment\traderplaceapp\traderplaceapp.tests\bin\debug\traderplaceapp.tests.dll" id="a122af15-54f1-74de-2685-e888694ddbf6">
      <Execution id="dd28b619-f7a1-4af2-b850-abb722d63d73" />
      <TestMethod codeBase="C:/Users/MattMif/Desktop/SE_Assignment/TraderPlaceApp/TraderPlaceApp.Tests/bin/Debug/TraderPlaceApp.Tests.DLL" adapterTypeName="Microsoft.VisualStudio.TestTools.TestTypes.Unit.UnitTestAdapter, Microsoft.VisualStudio.QualityTools.Tips.UnitTest.Adapter, Version=10.0.0.0, Culture=neutral, PublicKeyToken=b03f5f7f11d50a3a" className="TraderPlaceApp.Tests.Controllers.RoleControllerTest, TraderPlaceApp.Tests, Version=1.0.0.0, Culture=neutral, PublicKeyToken=null" name="GetRoleByNameTestWithNonAsciiChar" />
    </UnitTest>
    <UnitTest name="AddRoleTestWithNull" storage="c:\users\mattmif\desktop\se_assignment\traderplaceapp\traderplaceapp.tests\bin\debug\traderplaceapp.tests.dll" id="c8581f93-0a87-3119-5ba0-98106f3298db">
      <Execution id="29fe05da-7bcb-41ba-9fe5-449b027ce789" />
      <TestMethod codeBase="C:/Users/MattMif/Desktop/SE_Assignment/TraderPlaceApp/TraderPlaceApp.Tests/bin/Debug/TraderPlaceApp.Tests.DLL" adapterTypeName="Microsoft.VisualStudio.TestTools.TestTypes.Unit.UnitTestAdapter, Microsoft.VisualStudio.QualityTools.Tips.UnitTest.Adapter, Version=10.0.0.0, Culture=neutral, PublicKeyToken=b03f5f7f11d50a3a" className="TraderPlaceApp.Tests.Controllers.RoleControllerTest, TraderPlaceApp.Tests, Version=1.0.0.0, Culture=neutral, PublicKeyToken=null" name="AddRoleTestWithNull" />
    </UnitTest>
    <UnitTest name="AddRoleTestWithEmptyField" storage="c:\users\mattmif\desktop\se_assignment\traderplaceapp\traderplaceapp.tests\bin\debug\traderplaceapp.tests.dll" id="fede1600-7016-2355-d7d6-4a8a179f3139">
      <Execution id="7f06e26d-a0da-4014-8d1c-3a7c0d9b29a6" />
      <TestMethod codeBase="C:/Users/MattMif/Desktop/SE_Assignment/TraderPlaceApp/TraderPlaceApp.Tests/bin/Debug/TraderPlaceApp.Tests.DLL" adapterTypeName="Microsoft.VisualStudio.TestTools.TestTypes.Unit.UnitTestAdapter, Microsoft.VisualStudio.QualityTools.Tips.UnitTest.Adapter, Version=10.0.0.0, Culture=neutral, PublicKeyToken=b03f5f7f11d50a3a" className="TraderPlaceApp.Tests.Controllers.RoleControllerTest, TraderPlaceApp.Tests, Version=1.0.0.0, Culture=neutral, PublicKeyToken=null" name="AddRoleTestWithEmptyField" />
    </UnitTest>
  </TestDefinitions>
  <TestLists>
    <TestList name="Results Not in a List" id="8c84fa94-04c1-424b-9868-57a2d4851a1d" />
    <TestList name="All Loaded Results" id="19431567-8539-422a-85d7-44ee4e166bda" />
  </TestLists>
  <TestEntries>
    <TestEntry testId="2eb1c1f9-7973-11ea-857c-3d44bafd2aea" executionId="3fc27fa3-248f-4ab4-927e-fe152e5a0dcc" testListId="8c84fa94-04c1-424b-9868-57a2d4851a1d" />
    <TestEntry testId="41360058-c956-36b7-984d-e4a341817741" executionId="d91a0980-76aa-491d-97e3-8c2129c30f43" testListId="8c84fa94-04c1-424b-9868-57a2d4851a1d" />
    <TestEntry testId="50cf6af9-82f8-7b49-b96f-42b2e6933e75" executionId="107cd82b-47d7-4763-966c-34f9a7b60d44" testListId="8c84fa94-04c1-424b-9868-57a2d4851a1d" />
    <TestEntry testId="51260270-99c2-a592-6289-efc648b7c1ce" executionId="c9c38b75-e623-4289-91e3-91994793c7b0" testListId="8c84fa94-04c1-424b-9868-57a2d4851a1d" />
    <TestEntry testId="66c98eba-f7e3-85ce-5e49-83341cfd6d14" executionId="d58f3b67-0ce4-47c5-b3ab-b0034d35fb5b" testListId="8c84fa94-04c1-424b-9868-57a2d4851a1d" />
    <TestEntry testId="7504c301-0505-f3c9-4ca1-4aee94ea9878" executionId="3ce1e01f-ca6d-4c7d-bbd4-8b8820dd4c0f" testListId="8c84fa94-04c1-424b-9868-57a2d4851a1d" />
    <TestEntry testId="7f14bc7e-3bed-bd76-5aee-5a8cf6bdc6e4" executionId="47f8946e-29bb-499d-b4b7-d15b318e8973" testListId="8c84fa94-04c1-424b-9868-57a2d4851a1d" />
    <TestEntry testId="9e664647-4cab-93ef-27fa-d96bdc610731" executionId="a54d1073-fbcf-46ea-ad20-6f6eb3c5bc1f" testListId="8c84fa94-04c1-424b-9868-57a2d4851a1d" />
    <TestEntry testId="a122af15-54f1-74de-2685-e888694ddbf6" executionId="dd28b619-f7a1-4af2-b850-abb722d63d73" testListId="8c84fa94-04c1-424b-9868-57a2d4851a1d" />
    <TestEntry testId="a14cde04-63ac-9696-d432-e3e50e9e4dc3" executionId="ca40d5a3-f992-4ae4-a877-e7c1ce908bce" testListId="8c84fa94-04c1-424b-9868-57a2d4851a1d" />
    <TestEntry testId="a4442ed4-7a8b-a60d-2e57-ab4d2b217857" executionId="ee284b3d-44b5-4bec-a06c-a50333a0e915" testListId="8c84fa94-04c1-424b-9868-57a2d4851a1d" />
    <TestEntry testId="ad9f2b81-0289-2271-fb57-aeecbe404f38" executionId="16c31335-8bc4-4595-8da1-4d2a294c8061" testListId="8c84fa94-04c1-424b-9868-57a2d4851a1d" />
    <TestEntry testId="be4cecf6-7322-8f33-6664-d8013714b2f2" executionId="6a19c975-163c-4bd5-be3d-584f6f35441e" testListId="8c84fa94-04c1-424b-9868-57a2d4851a1d" />
    <TestEntry testId="c055d1e6-3f71-cb60-a031-1f1af95fa19e" executionId="dff40fd7-b0f8-417d-a1a3-1fcd20db2f82" testListId="8c84fa94-04c1-424b-9868-57a2d4851a1d" />
    <TestEntry testId="c8581f93-0a87-3119-5ba0-98106f3298db" executionId="29fe05da-7bcb-41ba-9fe5-449b027ce789" testListId="8c84fa94-04c1-424b-9868-57a2d4851a1d" />
    <TestEntry testId="cc6ec9c0-b057-e971-65ad-b6ecc692f7a4" executionId="07522dbd-9264-4721-a9f0-a67beb7108ed" testListId="8c84fa94-04c1-424b-9868-57a2d4851a1d" />
    <TestEntry testId="d474ced3-1095-217a-30c1-e75c5d5363f0" executionId="6739c017-c964-4707-a2ec-c960e9aa942c" testListId="8c84fa94-04c1-424b-9868-57a2d4851a1d" />
    <TestEntry testId="d8d2fa1b-accd-c01c-d46e-1abaf4a1de9e" executionId="31abb92d-1a38-4319-91dc-9309635c19ef" testListId="8c84fa94-04c1-424b-9868-57a2d4851a1d" />
    <TestEntry testId="e74b7b6e-789d-5be6-d6c1-37548d53e5e2" executionId="3efaf350-5559-422b-adc6-2cf9764200b0" testListId="8c84fa94-04c1-424b-9868-57a2d4851a1d" />
    <TestEntry testId="ec03753a-776a-ffbf-48d0-5e2fda83d07c" executionId="a1d56fe5-a339-4a4d-9ea9-f39a2b4e639e" testListId="8c84fa94-04c1-424b-9868-57a2d4851a1d" />
    <TestEntry testId="ed440bb0-524a-39cc-a811-5f5ad0322b87" executionId="104aef2d-ce54-4ba4-9ac4-09280a1e8015" testListId="8c84fa94-04c1-424b-9868-57a2d4851a1d" />
    <TestEntry testId="fa9ad786-6169-c1bc-8e78-ccc4cebcb112" executionId="8af97b00-46f2-4301-83b5-36fb2c9a7a4c" testListId="8c84fa94-04c1-424b-9868-57a2d4851a1d" />
    <TestEntry testId="fcafdad6-d044-8dfa-0a18-ccddb9d60a38" executionId="fc03923a-a3bb-4116-bc3a-dea2d8a87dcf" testListId="8c84fa94-04c1-424b-9868-57a2d4851a1d" />
    <TestEntry testId="fede1600-7016-2355-d7d6-4a8a179f3139" executionId="7f06e26d-a0da-4014-8d1c-3a7c0d9b29a6" testListId="8c84fa94-04c1-424b-9868-57a2d4851a1d" />
  </TestEntries>
  <Results>
    <UnitTestResult executionId="3fc27fa3-248f-4ab4-927e-fe152e5a0dcc" testId="2eb1c1f9-7973-11ea-857c-3d44bafd2aea" testName="UpdateRoleWithNumbers" computerName="ALFREDLAPTOP" duration="00:00:07.0598017" startTime="2015-01-13T11:06:04.5426551+01:00" endTime="2015-01-13T11:06:13.2125728+01:00" testType="13cdc9d9-ddb5-4fa4-a97d-d965ccfc6d4b" outcome="Passed" testListId="8c84fa94-04c1-424b-9868-57a2d4851a1d" relativeResultsDirectory="3fc27fa3-248f-4ab4-927e-fe152e5a0dcc">
    </UnitTestResult>
    <UnitTestResult executionId="d91a0980-76aa-491d-97e3-8c2129c30f43" testId="41360058-c956-36b7-984d-e4a341817741" testName="DeleteRoleTestWithIndexOutOfRange" computerName="ALFREDLAPTOP" duration="00:00:01.6088664" startTime="2015-01-13T11:06:13.2325792+01:00" endTime="2015-01-13T11:06:14.8671257+01:00" testType="13cdc9d9-ddb5-4fa4-a97d-d965ccfc6d4b" outcome="Passed" testListId="8c84fa94-04c1-424b-9868-57a2d4851a1d" relativeResultsDirectory="d91a0980-76aa-491d-97e3-8c2129c30f43">
    </UnitTestResult>
    <UnitTestResult executionId="107cd82b-47d7-4763-966c-34f9a7b60d44" testId="50cf6af9-82f8-7b49-b96f-42b2e6933e75" testName="UpdateRoleTest" computerName="ALFREDLAPTOP" duration="00:00:00.2512216" startTime="2015-01-13T11:06:14.9031334+01:00" endTime="2015-01-13T11:06:15.1782197+01:00" testType="13cdc9d9-ddb5-4fa4-a97d-d965ccfc6d4b" outcome="Passed" testListId="8c84fa94-04c1-424b-9868-57a2d4851a1d" relativeResultsDirectory="107cd82b-47d7-4763-966c-34f9a7b60d44">
    </UnitTestResult>
    <UnitTestResult executionId="c9c38b75-e623-4289-91e3-91994793c7b0" testId="51260270-99c2-a592-6289-efc648b7c1ce" testName="UpdateRoleWithLongChar" computerName="ALFREDLAPTOP" duration="00:00:01.0634675" startTime="2015-01-13T11:06:15.1962279+01:00" endTime="2015-01-13T11:06:16.2765847+01:00" testType="13cdc9d9-ddb5-4fa4-a97d-d965ccfc6d4b" outcome="Passed" testListId="8c84fa94-04c1-424b-9868-57a2d4851a1d" relativeResultsDirectory="c9c38b75-e623-4289-91e3-91994793c7b0">
    </UnitTestResult>
    <UnitTestResult executionId="d58f3b67-0ce4-47c5-b3ab-b0034d35fb5b" testId="66c98eba-f7e3-85ce-5e49-83341cfd6d14" testName="AddRoleTestWithNonAsciiChar" computerName="ALFREDLAPTOP" duration="00:00:01.0537427" startTime="2015-01-13T11:06:16.2955889+01:00" endTime="2015-01-13T11:06:17.3749473+01:00" testType="13cdc9d9-ddb5-4fa4-a97d-d965ccfc6d4b" outcome="Passed" testListId="8c84fa94-04c1-424b-9868-57a2d4851a1d" relativeResultsDirectory="d58f3b67-0ce4-47c5-b3ab-b0034d35fb5b">
    </UnitTestResult>
    <UnitTestResult executionId="3ce1e01f-ca6d-4c7d-bbd4-8b8820dd4c0f" testId="7504c301-0505-f3c9-4ca1-4aee94ea9878" testName="DeleteRoleTest" computerName="ALFREDLAPTOP" duration="00:00:00.1322564" startTime="2015-01-13T11:06:17.4149582+01:00" endTime="2015-01-13T11:06:17.5800102+01:00" testType="13cdc9d9-ddb5-4fa4-a97d-d965ccfc6d4b" outcome="Passed" testListId="8c84fa94-04c1-424b-9868-57a2d4851a1d" relativeResultsDirectory="3ce1e01f-ca6d-4c7d-bbd4-8b8820dd4c0f">
    </UnitTestResult>
    <UnitTestResult executionId="47f8946e-29bb-499d-b4b7-d15b318e8973" testId="7f14bc7e-3bed-bd76-5aee-5a8cf6bdc6e4" testName="DeleteRoleTestWithNonExistingID" computerName="ALFREDLAPTOP" duration="00:00:00.8780693" startTime="2015-01-13T11:06:17.5970161+01:00" endTime="2015-01-13T11:06:18.4923017+01:00" testType="13cdc9d9-ddb5-4fa4-a97d-d965ccfc6d4b" outcome="Passed" testListId="8c84fa94-04c1-424b-9868-57a2d4851a1d" relativeResultsDirectory="47f8946e-29bb-499d-b4b7-d15b318e8973">
    </UnitTestResult>
    <UnitTestResult executionId="a54d1073-fbcf-46ea-ad20-6f6eb3c5bc1f" testId="9e664647-4cab-93ef-27fa-d96bdc610731" testName="UpdateRoleWithEmptyString" computerName="ALFREDLAPTOP" duration="00:00:01.1499079" startTime="2015-01-13T11:06:18.5123085+01:00" endTime="2015-01-13T11:06:19.6817083+01:00" testType="13cdc9d9-ddb5-4fa4-a97d-d965ccfc6d4b" outcome="Passed" testListId="8c84fa94-04c1-424b-9868-57a2d4851a1d" relativeResultsDirectory="a54d1073-fbcf-46ea-ad20-6f6eb3c5bc1f">
    </UnitTestResult>
    <UnitTestResult executionId="dd28b619-f7a1-4af2-b850-abb722d63d73" testId="a122af15-54f1-74de-2685-e888694ddbf6" testName="GetRoleByNameTestWithNonAsciiChar" computerName="ALFREDLAPTOP" duration="00:00:01.1716356" startTime="2015-01-13T11:06:19.7127159+01:00" endTime="2015-01-13T11:06:20.9116112+01:00" testType="13cdc9d9-ddb5-4fa4-a97d-d965ccfc6d4b" outcome="Passed" testListId="8c84fa94-04c1-424b-9868-57a2d4851a1d" relativeResultsDirectory="dd28b619-f7a1-4af2-b850-abb722d63d73">
    </UnitTestResult>
    <UnitTestResult executionId="ca40d5a3-f992-4ae4-a877-e7c1ce908bce" testId="a14cde04-63ac-9696-d432-e3e50e9e4dc3" testName="UpdateRoleWithNull" computerName="ALFREDLAPTOP" duration="00:00:01.0770635" startTime="2015-01-13T11:06:20.9596276+01:00" endTime="2015-01-13T11:06:22.0569980+01:00" testType="13cdc9d9-ddb5-4fa4-a97d-d965ccfc6d4b" outcome="Passed" testListId="8c84fa94-04c1-424b-9868-57a2d4851a1d" relativeResultsDirectory="ca40d5a3-f992-4ae4-a877-e7c1ce908bce">
    </UnitTestResult>
    <UnitTestResult executionId="ee284b3d-44b5-4bec-a06c-a50333a0e915" testId="a4442ed4-7a8b-a60d-2e57-ab4d2b217857" testName="About" computerName="ALFREDLAPTOP" duration="00:00:00.1418232" startTime="2015-01-13T11:06:22.0960086+01:00" endTime="2015-01-13T11:06:22.2680633+01:00" testType="13cdc9d9-ddb5-4fa4-a97d-d965ccfc6d4b" outcome="Passed" testListId="8c84fa94-04c1-424b-9868-57a2d4851a1d" relativeResultsDirectory="ee284b3d-44b5-4bec-a06c-a50333a0e915">
    </UnitTestResult>
    <UnitTestResult executionId="16c31335-8bc4-4595-8da1-4d2a294c8061" testId="ad9f2b81-0289-2271-fb57-aeecbe404f38" testName="Index" computerName="ALFREDLAPTOP" duration="00:00:00.2191825" startTime="2015-01-13T11:06:22.3020751+01:00" endTime="2015-01-13T11:06:22.5671577+01:00" testType="13cdc9d9-ddb5-4fa4-a97d-d965ccfc6d4b" outcome="Passed" testListId="8c84fa94-04c1-424b-9868-57a2d4851a1d" relativeResultsDirectory="16c31335-8bc4-4595-8da1-4d2a294c8061">
    </UnitTestResult>
    <UnitTestResult executionId="6a19c975-163c-4bd5-be3d-584f6f35441e" testId="be4cecf6-7322-8f33-6664-d8013714b2f2" testName="GetRoleByNameTestWithLongChar" computerName="ALFREDLAPTOP" duration="00:00:00.8869268" startTime="2015-01-13T11:06:22.5881654+01:00" endTime="2015-01-13T11:06:23.4924562+01:00" testType="13cdc9d9-ddb5-4fa4-a97d-d965ccfc6d4b" outcome="Passed" testListId="8c84fa94-04c1-424b-9868-57a2d4851a1d" relativeResultsDirectory="6a19c975-163c-4bd5-be3d-584f6f35441e">
    </UnitTestResult>
    <UnitTestResult executionId="dff40fd7-b0f8-417d-a1a3-1fcd20db2f82" testId="c055d1e6-3f71-cb60-a031-1f1af95fa19e" testName="UpdateRoleWithNonAsciiChar" computerName="ALFREDLAPTOP" duration="00:00:01.3259389" startTime="2015-01-13T11:06:23.5144628+01:00" endTime="2015-01-13T11:06:24.8589024+01:00" testType="13cdc9d9-ddb5-4fa4-a97d-d965ccfc6d4b" outcome="Passed" testListId="8c84fa94-04c1-424b-9868-57a2d4851a1d" relativeResultsDirectory="dff40fd7-b0f8-417d-a1a3-1fcd20db2f82">
    </UnitTestResult>
    <UnitTestResult executionId="29fe05da-7bcb-41ba-9fe5-449b027ce789" testId="c8581f93-0a87-3119-5ba0-98106f3298db" testName="AddRoleTestWithNull" computerName="ALFREDLAPTOP" duration="00:00:00.9964849" startTime="2015-01-13T11:06:24.9119208+01:00" endTime="2015-01-13T11:06:25.9302688+01:00" testType="13cdc9d9-ddb5-4fa4-a97d-d965ccfc6d4b" outcome="Passed" testListId="8c84fa94-04c1-424b-9868-57a2d4851a1d" relativeResultsDirectory="29fe05da-7bcb-41ba-9fe5-449b027ce789">
    </UnitTestResult>
    <UnitTestResult executionId="07522dbd-9264-4721-a9f0-a67beb7108ed" testId="cc6ec9c0-b057-e971-65ad-b6ecc692f7a4" testName="AddRoleTestWithNameLong" computerName="ALFREDLAPTOP" duration="00:00:01.0097872" startTime="2015-01-13T11:06:25.9502728+01:00" endTime="2015-01-13T11:06:26.9826028+01:00" testType="13cdc9d9-ddb5-4fa4-a97d-d965ccfc6d4b" outcome="Passed" testListId="8c84fa94-04c1-424b-9868-57a2d4851a1d" relativeResultsDirectory="07522dbd-9264-4721-a9f0-a67beb7108ed">
    </UnitTestResult>
    <UnitTestResult executionId="6739c017-c964-4707-a2ec-c960e9aa942c" testId="d474ced3-1095-217a-30c1-e75c5d5363f0" testName="GetRoleByNameTestWithNumbers" computerName="ALFREDLAPTOP" duration="00:00:01.1840681" startTime="2015-01-13T11:06:27.0176164+01:00" endTime="2015-01-13T11:06:28.2210093+01:00" testType="13cdc9d9-ddb5-4fa4-a97d-d965ccfc6d4b" outcome="Passed" testListId="8c84fa94-04c1-424b-9868-57a2d4851a1d" relativeResultsDirectory="6739c017-c964-4707-a2ec-c960e9aa942c">
    </UnitTestResult>
    <UnitTestResult executionId="31abb92d-1a38-4319-91dc-9309635c19ef" testId="d8d2fa1b-accd-c01c-d46e-1abaf4a1de9e" testName="AddRoleTest" computerName="ALFREDLAPTOP" duration="00:00:00.1078603" startTime="2015-01-13T11:06:28.2510194+01:00" endTime="2015-01-13T11:06:28.3980670+01:00" testType="13cdc9d9-ddb5-4fa4-a97d-d965ccfc6d4b" outcome="Passed" testListId="8c84fa94-04c1-424b-9868-57a2d4851a1d" relativeResultsDirectory="31abb92d-1a38-4319-91dc-9309635c19ef">
    </UnitTestResult>
    <UnitTestResult executionId="3efaf350-5559-422b-adc6-2cf9764200b0" testId="e74b7b6e-789d-5be6-d6c1-37548d53e5e2" testName="GetRoleByNameEmptyStringTest" computerName="ALFREDLAPTOP" duration="00:00:01.2608360" startTime="2015-01-13T11:06:28.4260765+01:00" endTime="2015-01-13T11:06:29.7180223+01:00" testType="13cdc9d9-ddb5-4fa4-a97d-d965ccfc6d4b" outcome="Passed" testListId="8c84fa94-04c1-424b-9868-57a2d4851a1d" relativeResultsDirectory="3efaf350-5559-422b-adc6-2cf9764200b0">
    </UnitTestResult>
    <UnitTestResult executionId="a1d56fe5-a339-4a4d-9ea9-f39a2b4e639e" testId="ec03753a-776a-ffbf-48d0-5e2fda83d07c" testName="GetRoleByNameTest" computerName="ALFREDLAPTOP" duration="00:00:00.0710918" startTime="2015-01-13T11:06:29.7590369+01:00" endTime="2015-01-13T11:06:29.8650709+01:00" testType="13cdc9d9-ddb5-4fa4-a97d-d965ccfc6d4b" outcome="Passed" testListId="8c84fa94-04c1-424b-9868-57a2d4851a1d" relativeResultsDirectory="a1d56fe5-a339-4a4d-9ea9-f39a2b4e639e">
    </UnitTestResult>
    <UnitTestResult executionId="104aef2d-ce54-4ba4-9ac4-09280a1e8015" testId="ed440bb0-524a-39cc-a811-5f5ad0322b87" testName="GetAllRoles" computerName="ALFREDLAPTOP" duration="00:00:00.0508065" startTime="2015-01-13T11:06:29.8950809+01:00" endTime="2015-01-13T11:06:29.9621010+01:00" testType="13cdc9d9-ddb5-4fa4-a97d-d965ccfc6d4b" outcome="Passed" testListId="8c84fa94-04c1-424b-9868-57a2d4851a1d" relativeResultsDirectory="104aef2d-ce54-4ba4-9ac4-09280a1e8015">
    </UnitTestResult>
    <UnitTestResult executionId="8af97b00-46f2-4301-83b5-36fb2c9a7a4c" testId="fa9ad786-6169-c1bc-8e78-ccc4cebcb112" testName="GetRoleByNameTestWithNull" computerName="ALFREDLAPTOP" duration="00:00:00.9887766" startTime="2015-01-13T11:06:29.9901114+01:00" endTime="2015-01-13T11:06:31.0014461+01:00" testType="13cdc9d9-ddb5-4fa4-a97d-d965ccfc6d4b" outcome="Passed" testListId="8c84fa94-04c1-424b-9868-57a2d4851a1d" relativeResultsDirectory="8af97b00-46f2-4301-83b5-36fb2c9a7a4c">
    </UnitTestResult>
    <UnitTestResult executionId="fc03923a-a3bb-4116-bc3a-dea2d8a87dcf" testId="fcafdad6-d044-8dfa-0a18-ccddb9d60a38" testName="AddRoleTestWithNumbers" computerName="ALFREDLAPTOP" duration="00:00:01.1427228" startTime="2015-01-13T11:06:31.0464620+01:00" endTime="2015-01-13T11:06:32.2168453+01:00" testType="13cdc9d9-ddb5-4fa4-a97d-d965ccfc6d4b" outcome="Passed" testListId="8c84fa94-04c1-424b-9868-57a2d4851a1d" relativeResultsDirectory="fc03923a-a3bb-4116-bc3a-dea2d8a87dcf">
    </UnitTestResult>
    <UnitTestResult executionId="7f06e26d-a0da-4014-8d1c-3a7c0d9b29a6" testId="fede1600-7016-2355-d7d6-4a8a179f3139" testName="AddRoleTestWithEmptyField" computerName="ALFREDLAPTOP" duration="00:00:02.7392777" startTime="2015-01-13T11:06:32.2538591+01:00" endTime="2015-01-13T11:06:35.0177436+01:00" testType="13cdc9d9-ddb5-4fa4-a97d-d965ccfc6d4b" outcome="Passed" testListId="8c84fa94-04c1-424b-9868-57a2d4851a1d" relativeResultsDirectory="7f06e26d-a0da-4014-8d1c-3a7c0d9b29a6">
    </UnitTestResult>
  </Results>
</TestRun>