<?xml version="1.0" encoding="UTF-8"?>
<TestRun id="2f271de6-faed-43d7-b2a9-7f1ae99383d8" name="MattMif@ALFREDLAPTOP 2015-01-14 13:51:37" runUser="AlfredLaptop\MattMif" xmlns="http://microsoft.com/schemas/VisualStudio/TeamTest/2010">
  <TestSettings name="Default Test Settings" id="80474f71-a8e9-48ba-b2cb-b0ab820a2ce0">
    <Deployment runDeploymentRoot="MattMif_ALFREDLAPTOP 2015-01-14 13_51_37">
      <DeploymentItem filename="C:\Users\MattMif\Desktop\SE_Assignment\TraderPlaceApp\Business Logic\bin\Debug\Business Logic.dll" />
      <DeploymentItem filename="C:\Users\MattMif\Desktop\SE_Assignment\TraderPlaceApp\TraderPlaceApp\bin\TraderPlaceApp.dll" />
      <DeploymentItem filename="C:\Users\MattMif\Desktop\SE_Assignment\TraderPlaceApp\Data Access\bin\Debug\Data Access.dll" />
      <DeploymentItem filename="C:\Users\MattMif\Desktop\SE_Assignment\TraderPlaceApp\Common\bin\Debug\Common.dll" />
    </Deployment>
    <Execution>
      <TestTypeSpecific />
      <AgentRule name="Execution Agents">
      </AgentRule>
    </Execution>
  </TestSettings>
  <Times creation="2015-01-14T13:51:37.8163681+01:00" queuing="2015-01-14T13:51:39.7159756+01:00" start="2015-01-14T13:51:39.9100378+01:00" finish="2015-01-14T13:52:24.8912486+01:00" />
  <ResultSummary outcome="Completed">
    <Counters total="1" executed="1" passed="1" error="0" failed="0" timeout="0" aborted="0" inconclusive="0" passedButRunAborted="0" notRunnable="0" notExecuted="0" disconnected="0" warning="0" completed="0" inProgress="0" pending="0" />
  </ResultSummary>
  <TestDefinitions>
    <UnitTest name="AddRoleWithFaultsTestWithNameShort" storage="c:\users\mattmif\desktop\se_assignment\traderplaceapp\traderplaceapp.tests\bin\debug\traderplaceapp.tests.dll" id="db21ec7f-0251-51c4-328d-0f6d7e1804ef">
      <Execution id="df438de1-415c-4752-b406-9e83c560c23b" />
      <TestMethod codeBase="C:/Users/MattMif/Desktop/SE_Assignment/TraderPlaceApp/TraderPlaceApp.Tests/bin/Debug/TraderPlaceApp.Tests.DLL" adapterTypeName="Microsoft.VisualStudio.TestTools.TestTypes.Unit.UnitTestAdapter, Microsoft.VisualStudio.QualityTools.Tips.UnitTest.Adapter, Version=10.0.0.0, Culture=neutral, PublicKeyToken=b03f5f7f11d50a3a" className="TraderPlaceApp.Tests.Controllers.RoleControllerTest, TraderPlaceApp.Tests, Version=1.0.0.0, Culture=neutral, PublicKeyToken=null" name="AddRoleWithFaultsTestWithNameShort" />
    </UnitTest>
  </TestDefinitions>
  <TestLists>
    <TestList name="Results Not in a List" id="8c84fa94-04c1-424b-9868-57a2d4851a1d" />
    <TestList name="All Loaded Results" id="19431567-8539-422a-85d7-44ee4e166bda" />
  </TestLists>
  <TestEntries>
    <TestEntry testId="db21ec7f-0251-51c4-328d-0f6d7e1804ef" executionId="df438de1-415c-4752-b406-9e83c560c23b" testListId="8c84fa94-04c1-424b-9868-57a2d4851a1d" />
  </TestEntries>
  <Results>
    <UnitTestResult executionId="df438de1-415c-4752-b406-9e83c560c23b" testId="db21ec7f-0251-51c4-328d-0f6d7e1804ef" testName="AddRoleWithFaultsTestWithNameShort" computerName="ALFREDLAPTOP" duration="00:00:41.6525296" startTime="2015-01-14T13:51:39.9700580+01:00" endTime="2015-01-14T13:52:23.1636714+01:00" testType="13cdc9d9-ddb5-4fa4-a97d-d965ccfc6d4b" outcome="Passed" testListId="8c84fa94-04c1-424b-9868-57a2d4851a1d" relativeResultsDirectory="df438de1-415c-4752-b406-9e83c560c23b">
    </UnitTestResult>
  </Results>
</TestRun>