<?xml version="1.0" encoding="UTF-8"?>
<TestRun id="422eb253-e5d8-4e35-ab4c-7ed0a4f1db25" name="MattMif@ALFREDLAPTOP 2015-01-13 11:04:26" runUser="AlfredLaptop\MattMif" xmlns="http://microsoft.com/schemas/VisualStudio/TeamTest/2010">
  <TestSettings name="Default Test Settings" id="52acce95-2d5f-4735-b173-d03342e9ddab">
    <Deployment runDeploymentRoot="MattMif_ALFREDLAPTOP 2015-01-13 11_04_26">
      <DeploymentItem filename="C:\Users\MattMif\Desktop\SE_Assignment\TraderPlaceApp\Business Logic\bin\Debug\Business Logic.dll" />
      <DeploymentItem filename="C:\Users\MattMif\Desktop\SE_Assignment\TraderPlaceApp\TraderPlaceApp\bin\TraderPlaceApp.dll" />
      <DeploymentItem filename="C:\Users\MattMif\Desktop\SE_Assignment\TraderPlaceApp\Data Access\bin\Debug\Data Access.dll" />
      <DeploymentItem filename="C:\Users\MattMif\Desktop\SE_Assignment\TraderPlaceApp\Common\bin\Debug\Common.dll" />
    </Deployment>
    <Execution>
      <TestTypeSpecific />
      <AgentRule name="Execution Agents">
      </AgentRule>
    </Execution>
  </TestSettings>
  <Times creation="2015-01-13T11:04:26.4047707+01:00" queuing="2015-01-13T11:04:28.7195093+01:00" start="2015-01-13T11:04:28.9955997+01:00" finish="2015-01-13T11:04:43.1656926+01:00" />
  <ResultSummary outcome="Completed">
    <Counters total="1" executed="1" passed="1" error="0" failed="0" timeout="0" aborted="0" inconclusive="0" passedButRunAborted="0" notRunnable="0" notExecuted="0" disconnected="0" warning="0" completed="0" inProgress="0" pending="0" />
  </ResultSummary>
  <TestDefinitions>
    <UnitTest name="GetRoleByNameTestWithNull" storage="c:\users\mattmif\desktop\se_assignment\traderplaceapp\traderplaceapp.tests\bin\debug\traderplaceapp.tests.dll" id="fa9ad786-6169-c1bc-8e78-ccc4cebcb112">
      <Execution id="6c37ac87-7a1c-4774-afb0-bdf40c42086b" />
      <TestMethod codeBase="C:/Users/MattMif/Desktop/SE_Assignment/TraderPlaceApp/TraderPlaceApp.Tests/bin/Debug/TraderPlaceApp.Tests.DLL" adapterTypeName="Microsoft.VisualStudio.TestTools.TestTypes.Unit.UnitTestAdapter, Microsoft.VisualStudio.QualityTools.Tips.UnitTest.Adapter, Version=10.0.0.0, Culture=neutral, PublicKeyToken=b03f5f7f11d50a3a" className="TraderPlaceApp.Tests.Controllers.RoleControllerTest, TraderPlaceApp.Tests, Version=1.0.0.0, Culture=neutral, PublicKeyToken=null" name="GetRoleByNameTestWithNull" />
    </UnitTest>
  </TestDefinitions>
  <TestLists>
    <TestList name="Results Not in a List" id="8c84fa94-04c1-424b-9868-57a2d4851a1d" />
    <TestList name="All Loaded Results" id="19431567-8539-422a-85d7-44ee4e166bda" />
  </TestLists>
  <TestEntries>
    <TestEntry testId="fa9ad786-6169-c1bc-8e78-ccc4cebcb112" executionId="6c37ac87-7a1c-4774-afb0-bdf40c42086b" testListId="8c84fa94-04c1-424b-9868-57a2d4851a1d" />
  </TestEntries>
  <Results>
    <UnitTestResult executionId="6c37ac87-7a1c-4774-afb0-bdf40c42086b" testId="fa9ad786-6169-c1bc-8e78-ccc4cebcb112" testName="GetRoleByNameTestWithNull" computerName="ALFREDLAPTOP" duration="00:00:12.0741226" startTime="2015-01-13T11:04:29.1006344+01:00" endTime="2015-01-13T11:04:43.0006388+01:00" testType="13cdc9d9-ddb5-4fa4-a97d-d965ccfc6d4b" outcome="Passed" testListId="8c84fa94-04c1-424b-9868-57a2d4851a1d" relativeResultsDirectory="6c37ac87-7a1c-4774-afb0-bdf40c42086b">
    </UnitTestResult>
  </Results>
</TestRun>