<?xml version="1.0" encoding="UTF-8"?>
<TestRun id="0fde64d3-612e-4563-97ba-e3d3b141c601" name="MattMif@ALFREDLAPTOP 2015-01-14 14:00:07" runUser="AlfredLaptop\MattMif" xmlns="http://microsoft.com/schemas/VisualStudio/TeamTest/2010">
  <TestSettings name="Default Test Settings" id="86549143-d02c-4ff6-af6a-d29cc9223e07">
    <Deployment runDeploymentRoot="MattMif_ALFREDLAPTOP 2015-01-14 14_00_07">
      <DeploymentItem filename="C:\Users\MattMif\Desktop\SE_Assignment\TraderPlaceApp\Business Logic\bin\Debug\Business Logic.dll" />
      <DeploymentItem filename="C:\Users\MattMif\Desktop\SE_Assignment\TraderPlaceApp\TraderPlaceApp\bin\TraderPlaceApp.dll" />
      <DeploymentItem filename="C:\Users\MattMif\Desktop\SE_Assignment\TraderPlaceApp\Data Access\bin\Debug\Data Access.dll" />
      <DeploymentItem filename="C:\Users\MattMif\Desktop\SE_Assignment\TraderPlaceApp\Common\bin\Debug\Common.dll" />
    </Deployment>
    <Execution>
      <TestTypeSpecific />
      <AgentRule name="Execution Agents">
      </AgentRule>
    </Execution>
  </TestSettings>
  <Times creation="2015-01-14T14:00:07.0918700+01:00" queuing="2015-01-14T14:00:09.1165200+01:00" start="2015-01-14T14:00:09.3005785+01:00" finish="2015-01-14T14:00:14.7468429+01:00" />
  <ResultSummary outcome="Failed">
    <Counters total="1" executed="1" error="0" failed="1" timeout="0" aborted="0" inconclusive="0" passedButRunAborted="0" notRunnable="0" notExecuted="0" disconnected="0" warning="0" passed="0" completed="0" inProgress="0" pending="0" />
  </ResultSummary>
  <TestDefinitions>
    <UnitTest name="AddRoleTestWithFaultsChar" storage="c:\users\mattmif\desktop\se_assignment\traderplaceapp\traderplaceapp.tests\bin\debug\traderplaceapp.tests.dll" id="0f0e3a90-99f9-07f7-edb0-28a9c57e42e1">
      <Execution id="8f4c764e-b379-462d-86aa-e9d75ff1a3d3" />
      <TestMethod codeBase="C:/Users/MattMif/Desktop/SE_Assignment/TraderPlaceApp/TraderPlaceApp.Tests/bin/Debug/TraderPlaceApp.Tests.DLL" adapterTypeName="Microsoft.VisualStudio.TestTools.TestTypes.Unit.UnitTestAdapter, Microsoft.VisualStudio.QualityTools.Tips.UnitTest.Adapter, Version=10.0.0.0, Culture=neutral, PublicKeyToken=b03f5f7f11d50a3a" className="TraderPlaceApp.Tests.Controllers.RoleControllerTest, TraderPlaceApp.Tests, Version=1.0.0.0, Culture=neutral, PublicKeyToken=null" name="AddRoleTestWithFaultsChar" />
    </UnitTest>
  </TestDefinitions>
  <TestLists>
    <TestList name="Results Not in a List" id="8c84fa94-04c1-424b-9868-57a2d4851a1d" />
    <TestList name="All Loaded Results" id="19431567-8539-422a-85d7-44ee4e166bda" />
  </TestLists>
  <TestEntries>
    <TestEntry testId="0f0e3a90-99f9-07f7-edb0-28a9c57e42e1" executionId="8f4c764e-b379-462d-86aa-e9d75ff1a3d3" testListId="8c84fa94-04c1-424b-9868-57a2d4851a1d" />
  </TestEntries>
  <Results>
    <UnitTestResult executionId="8f4c764e-b379-462d-86aa-e9d75ff1a3d3" testId="0f0e3a90-99f9-07f7-edb0-28a9c57e42e1" testName="AddRoleTestWithFaultsChar" computerName="ALFREDLAPTOP" duration="00:00:03.8846765" startTime="2015-01-14T14:00:09.3706005+01:00" endTime="2015-01-14T14:00:14.4807581+01:00" testType="13cdc9d9-ddb5-4fa4-a97d-d965ccfc6d4b" outcome="Failed" testListId="8c84fa94-04c1-424b-9868-57a2d4851a1d" relativeResultsDirectory="8f4c764e-b379-462d-86aa-e9d75ff1a3d3">
      <Output>
        <ErrorInfo>
          <Message>Test method TraderPlaceApp.Tests.Controllers.RoleControllerTest.AddRoleTestWithFaultsChar threw exception: 
System.Exception: Role Name is too long or too short</Message>
          <StackTrace>    at Data_Access.RoleRepository.CreateRoleWithfault(Role entry) in C:\Users\MattMif\Desktop\SE_Assignment\TraderPlaceApp\Data Access\RoleRepository.cs:line 280
   at TraderPlaceApp.Tests.Controllers.RoleControllerTest.AddRoleTestWithFaultsChar() in C:\Users\MattMif\Desktop\SE_Assignment\TraderPlaceApp\TraderPlaceApp.Tests\Controllers\RoleControllerTest.cs:line 97
</StackTrace>
        </ErrorInfo>
      </Output>
    </UnitTestResult>
  </Results>
</TestRun>