<?xml version="1.0" encoding="UTF-8"?>
<TestRun id="476bf55d-22e2-4dcb-9b22-277e34e39f0d" name="MattMif@ALFREDLAPTOP 2015-01-14 13:59:30" runUser="AlfredLaptop\MattMif" xmlns="http://microsoft.com/schemas/VisualStudio/TeamTest/2010">
  <TestSettings name="Default Test Settings" id="0c04f688-5ed1-463e-b95d-98d419df61c8">
    <Deployment runDeploymentRoot="MattMif_ALFREDLAPTOP 2015-01-14 13_59_30">
      <DeploymentItem filename="C:\Users\MattMif\Desktop\SE_Assignment\TraderPlaceApp\Business Logic\bin\Debug\Business Logic.dll" />
      <DeploymentItem filename="C:\Users\MattMif\Desktop\SE_Assignment\TraderPlaceApp\TraderPlaceApp\bin\TraderPlaceApp.dll" />
      <DeploymentItem filename="C:\Users\MattMif\Desktop\SE_Assignment\TraderPlaceApp\Data Access\bin\Debug\Data Access.dll" />
      <DeploymentItem filename="C:\Users\MattMif\Desktop\SE_Assignment\TraderPlaceApp\Common\bin\Debug\Common.dll" />
    </Deployment>
    <Execution>
      <TestTypeSpecific />
      <AgentRule name="Execution Agents">
      </AgentRule>
    </Execution>
  </TestSettings>
  <Times creation="2015-01-14T13:59:30.2467849+01:00" queuing="2015-01-14T13:59:32.1914955+01:00" start="2015-01-14T13:59:32.3695512+01:00" finish="2015-01-14T13:59:39.5819580+01:00" />
  <ResultSummary outcome="Failed">
    <Counters total="1" executed="1" error="0" failed="1" timeout="0" aborted="0" inconclusive="0" passedButRunAborted="0" notRunnable="0" notExecuted="0" disconnected="0" warning="0" passed="0" completed="0" inProgress="0" pending="0" />
  </ResultSummary>
  <TestDefinitions>
    <UnitTest name="AddRoleTestWithFaults" storage="c:\users\mattmif\desktop\se_assignment\traderplaceapp\traderplaceapp.tests\bin\debug\traderplaceapp.tests.dll" id="ac578bb2-ecd3-c958-9718-5a0fc0893780">
      <Execution id="d533dbb9-238b-41d3-af77-02ea9a9c5272" />
      <TestMethod codeBase="C:/Users/MattMif/Desktop/SE_Assignment/TraderPlaceApp/TraderPlaceApp.Tests/bin/Debug/TraderPlaceApp.Tests.DLL" adapterTypeName="Microsoft.VisualStudio.TestTools.TestTypes.Unit.UnitTestAdapter, Microsoft.VisualStudio.QualityTools.Tips.UnitTest.Adapter, Version=10.0.0.0, Culture=neutral, PublicKeyToken=b03f5f7f11d50a3a" className="TraderPlaceApp.Tests.Controllers.RoleControllerTest, TraderPlaceApp.Tests, Version=1.0.0.0, Culture=neutral, PublicKeyToken=null" name="AddRoleTestWithFaults" />
    </UnitTest>
  </TestDefinitions>
  <TestLists>
    <TestList name="Results Not in a List" id="8c84fa94-04c1-424b-9868-57a2d4851a1d" />
    <TestList name="All Loaded Results" id="19431567-8539-422a-85d7-44ee4e166bda" />
  </TestLists>
  <TestEntries>
    <TestEntry testId="ac578bb2-ecd3-c958-9718-5a0fc0893780" executionId="d533dbb9-238b-41d3-af77-02ea9a9c5272" testListId="8c84fa94-04c1-424b-9868-57a2d4851a1d" />
  </TestEntries>
  <Results>
    <UnitTestResult executionId="d533dbb9-238b-41d3-af77-02ea9a9c5272" testId="ac578bb2-ecd3-c958-9718-5a0fc0893780" testName="AddRoleTestWithFaults" computerName="ALFREDLAPTOP" duration="00:00:03.7545897" startTime="2015-01-14T13:59:32.4415733+01:00" endTime="2015-01-14T13:59:37.7833273+01:00" testType="13cdc9d9-ddb5-4fa4-a97d-d965ccfc6d4b" outcome="Failed" testListId="8c84fa94-04c1-424b-9868-57a2d4851a1d" relativeResultsDirectory="d533dbb9-238b-41d3-af77-02ea9a9c5272">
      <Output>
        <ErrorInfo>
          <Message>Test method TraderPlaceApp.Tests.Controllers.RoleControllerTest.AddRoleTestWithFaults threw exception: 
System.Exception: Role Name is too long or too short</Message>
          <StackTrace>    at Data_Access.RoleRepository.CreateRoleWithfault(Role entry) in C:\Users\MattMif\Desktop\SE_Assignment\TraderPlaceApp\Data Access\RoleRepository.cs:line 280
   at TraderPlaceApp.Tests.Controllers.RoleControllerTest.AddRoleTestWithFaults() in C:\Users\MattMif\Desktop\SE_Assignment\TraderPlaceApp\TraderPlaceApp.Tests\Controllers\RoleControllerTest.cs:line 80
</StackTrace>
        </ErrorInfo>
      </Output>
    </UnitTestResult>
  </Results>
</TestRun>